This is e-pTeX, Version 3.1415926-p3.3-110825-2.4 (utf8.euc) (TeX Live 2012) (format=platex 2013.3.16)  29 MAY 2015 13:30
entering extended mode
 restricted \write18 enabled.
 %&-line parsing enabled.
**example.tex
(./example.tex
pLaTeX2e <2006/11/10> (based on LaTeX2e <2011/06/27> patch level 0)
Babel <v3.8m> and hyphenation patterns for english, dumylang, nohyphenation, ge
rman-x-2012-05-30, ngerman-x-2012-05-30, afrikaans, ancientgreek, ibycus, arabi
c, armenian, basque, bulgarian, catalan, pinyin, coptic, croatian, czech, danis
h, dutch, ukenglish, usenglishmax, esperanto, estonian, ethiopic, farsi, finnis
h, french, friulan, galician, german, ngerman, swissgerman, monogreek, greek, h
ungarian, icelandic, assamese, bengali, gujarati, hindi, kannada, malayalam, ma
rathi, oriya, panjabi, tamil, telugu, indonesian, interlingua, irish, italian, 
kurmanji, latin, latvian, lithuanian, mongolian, mongolianlmc, bokmal, nynorsk,
 piedmontese, polish, portuguese, romanian, romansh, russian, sanskrit, serbian
, serbianc, slovak, slovenian, spanish, swedish, turkish, turkmen, ukrainian, u
ppersorbian, welsh, loaded.
(/usr/local/texlive/2012/texmf-dist/tex/latex/beamer/beamer.cls
(/usr/local/texlive/2012/texmf-dist/tex/latex/beamer/beamerbasercs.sty
Package: beamerbasercs 2013/01/04 (rcs-revision 9a97a4eee358)
)
Document Class: beamer 2013/01/04 3.26 A class for typesetting presentations (r
cs-revision e81e0c94bcc6)
(/usr/local/texlive/2012/texmf-dist/tex/latex/beamer/beamerbasemodes.sty
Package: beamerbasemodes 2012/04/15 (rcs-revision cc6557182d97)
\beamer@tempbox=\box41
\beamer@tempcount=\count81
\c@beamerpauses=\count82

(/usr/local/texlive/2012/texmf-dist/tex/latex/beamer/beamerbasedecode.sty
Package: beamerbasedecode 2010/05/01 (rcs-revision efa082c6111d)
\beamer@slideinframe=\count83
\beamer@minimum=\count84
)
\beamer@commentbox=\box42
\beamer@modecount=\count85
)
(/usr/local/texlive/2012/texmf-dist/tex/generic/oberdiek/ifpdf.sty
Package: ifpdf 2011/01/30 v2.3 Provides the ifpdf switch (HO)
Package ifpdf Info: pdfTeX in PDF mode is not detected.
)
\headheight=\dimen118
\headdp=\dimen119
\footheight=\dimen120
\sidebarheight=\dimen121
\beamer@tempdim=\dimen122
\beamer@finalheight=\dimen123
\beamer@animht=\dimen124
\beamer@animdp=\dimen125
\beamer@animwd=\dimen126
\beamer@leftmargin=\dimen127
\beamer@rightmargin=\dimen128
\beamer@leftsidebar=\dimen129
\beamer@rightsidebar=\dimen130
\beamer@boxsize=\dimen131
\beamer@vboxoffset=\dimen132
\beamer@descdefault=\dimen133
\beamer@descriptionwidth=\dimen134
\beamer@lastskip=\skip41
\beamer@areabox=\box43
\beamer@animcurrent=\box44
\beamer@animshowbox=\box45
\beamer@sectionbox=\box46
\beamer@logobox=\box47
\beamer@linebox=\box48
\beamer@sectioncount=\count86
\beamer@subsubsectionmax=\count87
\beamer@subsectionmax=\count88
\beamer@sectionmax=\count89
\beamer@totalheads=\count90
\beamer@headcounter=\count91
\beamer@partstartpage=\count92
\beamer@sectionstartpage=\count93
\beamer@subsectionstartpage=\count94
\beamer@animationtempa=\count95
\beamer@animationtempb=\count96
\beamer@xpos=\count97
\beamer@ypos=\count98
\beamer@showpartnumber=\count99
\beamer@currentsubsection=\count100
\beamer@coveringdepth=\count101
\beamer@sectionadjust=\count102
\beamer@tocsectionnumber=\count103

(/usr/local/texlive/2012/texmf-dist/tex/latex/beamer/beamerbaseoptions.sty
Package: beamerbaseoptions 2010/04/27 (rcs-revision 982469101dd6)

(/usr/local/texlive/2012/texmf-dist/tex/latex/graphics/keyval.sty
Package: keyval 1999/03/16 v1.13 key=value parser (DPC)
\KV@toks@=\toks15
))
\beamer@paperwidth=\skip42
\beamer@paperheight=\skip43

(/usr/local/texlive/2012/texmf-dist/tex/latex/geometry/geometry.sty
Package: geometry 2010/09/12 v5.6 Page Geometry

(/usr/local/texlive/2012/texmf-dist/tex/generic/oberdiek/ifvtex.sty
Package: ifvtex 2010/03/01 v1.5 Detect VTeX and its facilities (HO)
Package ifvtex Info: VTeX not detected.
)
(/usr/local/texlive/2012/texmf-dist/tex/generic/ifxetex/ifxetex.sty
Package: ifxetex 2010/09/12 v0.6 Provides ifxetex conditional
)
\Gm@cnth=\count104
\Gm@cntv=\count105
\c@Gm@tempcnt=\count106
\Gm@bindingoffset=\dimen135
\Gm@wd@mp=\dimen136
\Gm@odd@mp=\dimen137
\Gm@even@mp=\dimen138
\Gm@layoutwidth=\dimen139
\Gm@layoutheight=\dimen140
\Gm@layouthoffset=\dimen141
\Gm@layoutvoffset=\dimen142
\Gm@dimlist=\toks16
)
(/usr/local/texlive/2012/texmf-dist/tex/latex/base/size11.clo
File: size11.clo 2007/10/19 v1.4h Standard LaTeX file (size option)
)
(/usr/local/texlive/2012/texmf-dist/tex/latex/pgf/basiclayer/pgfcore.sty
(/usr/local/texlive/2012/texmf-dist/tex/latex/graphics/graphicx.sty
Package: graphicx 1999/02/16 v1.0f Enhanced LaTeX Graphics (DPC,SPQR)

(/usr/local/texlive/2012/texmf-dist/tex/latex/graphics/graphics.sty
Package: graphics 2009/02/05 v1.0o Standard LaTeX Graphics (DPC,SPQR)

(/usr/local/texlive/2012/texmf-dist/tex/latex/graphics/trig.sty
Package: trig 1999/03/16 v1.09 sin cos tan (DPC)
)
(/usr/local/texlive/2012/texmf-dist/tex/latex/latexconfig/graphics.cfg
File: graphics.cfg 2010/04/23 v1.9 graphics configuration of TeX Live
)
Package graphics Info: Driver file: dvips.def on input line 91.

(/usr/local/texlive/2012/texmf-dist/tex/latex/graphics/dvips.def
File: dvips.def 1999/02/16 v3.0i Driver-dependant file (DPC,SPQR)
))
\Gin@req@height=\dimen143
\Gin@req@width=\dimen144
)
(/usr/local/texlive/2012/texmf-dist/tex/latex/pgf/systemlayer/pgfsys.sty
(/usr/local/texlive/2012/texmf-dist/tex/latex/pgf/utilities/pgfrcs.sty
(/usr/local/texlive/2012/texmf-dist/tex/generic/pgf/utilities/pgfutil-common.te
x
\pgfutil@everybye=\toks17
)
(/usr/local/texlive/2012/texmf-dist/tex/generic/pgf/utilities/pgfutil-latex.def
\pgfutil@abb=\box49
(/usr/local/texlive/2012/texmf-dist/tex/latex/ms/everyshi.sty
Package: everyshi 2001/05/15 v3.00 EveryShipout Package (MS)
))
(/usr/local/texlive/2012/texmf-dist/tex/generic/pgf/utilities/pgfrcs.code.tex
Package: pgfrcs 2010/10/25 v2.10 (rcs-revision 1.24)
))
(/usr/local/texlive/2012/texmf-dist/tex/generic/pgf/systemlayer/pgfsys.code.tex
Package: pgfsys 2010/06/30 v2.10 (rcs-revision 1.37)
(/usr/local/texlive/2012/texmf-dist/tex/generic/pgf/utilities/pgfkeys.code.tex
\pgfkeys@pathtoks=\toks18
\pgfkeys@temptoks=\toks19

(/usr/local/texlive/2012/texmf-dist/tex/generic/pgf/utilities/pgfkeysfiltered.c
ode.tex
\pgfkeys@tmptoks=\toks20
))
\pgf@x=\dimen145
\pgf@y=\dimen146
\pgf@xa=\dimen147
\pgf@ya=\dimen148
\pgf@xb=\dimen149
\pgf@yb=\dimen150
\pgf@xc=\dimen151
\pgf@yc=\dimen152
\w@pgf@writea=\write3
\r@pgf@reada=\read1
\c@pgf@counta=\count107
\c@pgf@countb=\count108
\c@pgf@countc=\count109
\c@pgf@countd=\count110

(/usr/local/texlive/2012/texmf-dist/tex/generic/pgf/systemlayer/pgf.cfg
File: pgf.cfg 2008/05/14  (rcs-revision 1.7)
)
Package pgfsys Info: Driver file for pgf: pgfsys-dvips.def on input line 900.

(/usr/local/texlive/2012/texmf-dist/tex/generic/pgf/systemlayer/pgfsys-dvips.de
f
File: pgfsys-dvips.def 2008/04/03  (rcs-revision 1.20)

(/usr/local/texlive/2012/texmf-dist/tex/generic/pgf/systemlayer/pgfsys-common-p
ostscript.def
File: pgfsys-common-postscript.def 2008/10/01  (rcs-revision 1.22)
\pgf@objectcount=\count111
)))
(/usr/local/texlive/2012/texmf-dist/tex/generic/pgf/systemlayer/pgfsyssoftpath.
code.tex
File: pgfsyssoftpath.code.tex 2008/07/18  (rcs-revision 1.7)
\pgfsyssoftpath@smallbuffer@items=\count112
\pgfsyssoftpath@bigbuffer@items=\count113
)
(/usr/local/texlive/2012/texmf-dist/tex/generic/pgf/systemlayer/pgfsysprotocol.
code.tex
File: pgfsysprotocol.code.tex 2006/10/16  (rcs-revision 1.4)
)) (/usr/local/texlive/2012/texmf-dist/tex/latex/xcolor/xcolor.sty
Package: xcolor 2007/01/21 v2.11 LaTeX color extensions (UK)

(/usr/local/texlive/2012/texmf-dist/tex/latex/latexconfig/color.cfg
File: color.cfg 2007/01/18 v1.5 color configuration of teTeX/TeXLive
)
Package xcolor Info: Driver file: dvips.def on input line 225.
Package xcolor Info: Model `cmy' substituted by `cmy0' on input line 1337.
Package xcolor Info: Model `RGB' extended on input line 1353.
Package xcolor Info: Model `HTML' substituted by `rgb' on input line 1355.
Package xcolor Info: Model `Hsb' substituted by `hsb' on input line 1356.
Package xcolor Info: Model `tHsb' substituted by `hsb' on input line 1357.
Package xcolor Info: Model `HSB' substituted by `hsb' on input line 1358.
Package xcolor Info: Model `Gray' substituted by `gray' on input line 1359.
Package xcolor Info: Model `wave' substituted by `hsb' on input line 1360.
)
(/usr/local/texlive/2012/texmf-dist/tex/generic/pgf/basiclayer/pgfcore.code.tex
Package: pgfcore 2010/04/11 v2.10 (rcs-revision 1.7)
(/usr/local/texlive/2012/texmf-dist/tex/generic/pgf/math/pgfmath.code.tex
(/usr/local/texlive/2012/texmf-dist/tex/generic/pgf/math/pgfmathcalc.code.tex
(/usr/local/texlive/2012/texmf-dist/tex/generic/pgf/math/pgfmathutil.code.tex)
(/usr/local/texlive/2012/texmf-dist/tex/generic/pgf/math/pgfmathparser.code.tex
\pgfmath@dimen=\dimen153
\pgfmath@count=\count114
\pgfmath@box=\box50
\pgfmath@toks=\toks21
\pgfmath@stack@operand=\toks22
\pgfmath@stack@operation=\toks23
)
(/usr/local/texlive/2012/texmf-dist/tex/generic/pgf/math/pgfmathfunctions.code.
tex
(/usr/local/texlive/2012/texmf-dist/tex/generic/pgf/math/pgfmathfunctions.basic
.code.tex)
(/usr/local/texlive/2012/texmf-dist/tex/generic/pgf/math/pgfmathfunctions.trigo
nometric.code.tex)
(/usr/local/texlive/2012/texmf-dist/tex/generic/pgf/math/pgfmathfunctions.rando
m.code.tex)
(/usr/local/texlive/2012/texmf-dist/tex/generic/pgf/math/pgfmathfunctions.compa
rison.code.tex)
(/usr/local/texlive/2012/texmf-dist/tex/generic/pgf/math/pgfmathfunctions.base.
code.tex)
(/usr/local/texlive/2012/texmf-dist/tex/generic/pgf/math/pgfmathfunctions.round
.code.tex)
(/usr/local/texlive/2012/texmf-dist/tex/generic/pgf/math/pgfmathfunctions.misc.
code.tex)))
(/usr/local/texlive/2012/texmf-dist/tex/generic/pgf/math/pgfmathfloat.code.tex
\c@pgfmathroundto@lastzeros=\count115
))
(/usr/local/texlive/2012/texmf-dist/tex/generic/pgf/basiclayer/pgfcorepoints.co
de.tex
File: pgfcorepoints.code.tex 2010/04/09  (rcs-revision 1.20)
\pgf@picminx=\dimen154
\pgf@picmaxx=\dimen155
\pgf@picminy=\dimen156
\pgf@picmaxy=\dimen157
\pgf@pathminx=\dimen158
\pgf@pathmaxx=\dimen159
\pgf@pathminy=\dimen160
\pgf@pathmaxy=\dimen161
\pgf@xx=\dimen162
\pgf@xy=\dimen163
\pgf@yx=\dimen164
\pgf@yy=\dimen165
\pgf@zx=\dimen166
\pgf@zy=\dimen167
)
(/usr/local/texlive/2012/texmf-dist/tex/generic/pgf/basiclayer/pgfcorepathconst
ruct.code.tex
File: pgfcorepathconstruct.code.tex 2010/08/03  (rcs-revision 1.24)
\pgf@path@lastx=\dimen168
\pgf@path@lasty=\dimen169
)
(/usr/local/texlive/2012/texmf-dist/tex/generic/pgf/basiclayer/pgfcorepathusage
.code.tex
File: pgfcorepathusage.code.tex 2008/04/22  (rcs-revision 1.12)
\pgf@shorten@end@additional=\dimen170
\pgf@shorten@start@additional=\dimen171
)
(/usr/local/texlive/2012/texmf-dist/tex/generic/pgf/basiclayer/pgfcorescopes.co
de.tex
File: pgfcorescopes.code.tex 2010/09/08  (rcs-revision 1.34)
\pgfpic=\box51
\pgf@hbox=\box52
\pgf@layerbox@main=\box53
\pgf@picture@serial@count=\count116
)
(/usr/local/texlive/2012/texmf-dist/tex/generic/pgf/basiclayer/pgfcoregraphicst
ate.code.tex
File: pgfcoregraphicstate.code.tex 2008/04/22  (rcs-revision 1.9)
\pgflinewidth=\dimen172
)
(/usr/local/texlive/2012/texmf-dist/tex/generic/pgf/basiclayer/pgfcoretransform
ations.code.tex
File: pgfcoretransformations.code.tex 2009/06/10  (rcs-revision 1.11)
\pgf@pt@x=\dimen173
\pgf@pt@y=\dimen174
\pgf@pt@temp=\dimen175
)
(/usr/local/texlive/2012/texmf-dist/tex/generic/pgf/basiclayer/pgfcorequick.cod
e.tex
File: pgfcorequick.code.tex 2008/10/09  (rcs-revision 1.3)
)
(/usr/local/texlive/2012/texmf-dist/tex/generic/pgf/basiclayer/pgfcoreobjects.c
ode.tex
File: pgfcoreobjects.code.tex 2006/10/11  (rcs-revision 1.2)
)
(/usr/local/texlive/2012/texmf-dist/tex/generic/pgf/basiclayer/pgfcorepathproce
ssing.code.tex
File: pgfcorepathprocessing.code.tex 2008/10/09  (rcs-revision 1.8)
)
(/usr/local/texlive/2012/texmf-dist/tex/generic/pgf/basiclayer/pgfcorearrows.co
de.tex
File: pgfcorearrows.code.tex 2008/04/23  (rcs-revision 1.11)
)
(/usr/local/texlive/2012/texmf-dist/tex/generic/pgf/basiclayer/pgfcoreshade.cod
e.tex
File: pgfcoreshade.code.tex 2008/11/23  (rcs-revision 1.13)
\pgf@max=\dimen176
\pgf@sys@shading@range@num=\count117
)
(/usr/local/texlive/2012/texmf-dist/tex/generic/pgf/basiclayer/pgfcoreimage.cod
e.tex
File: pgfcoreimage.code.tex 2010/03/25  (rcs-revision 1.16)

(/usr/local/texlive/2012/texmf-dist/tex/generic/pgf/basiclayer/pgfcoreexternal.
code.tex
File: pgfcoreexternal.code.tex 2010/09/01  (rcs-revision 1.17)
\pgfexternal@startupbox=\box54
))
(/usr/local/texlive/2012/texmf-dist/tex/generic/pgf/basiclayer/pgfcorelayers.co
de.tex
File: pgfcorelayers.code.tex 2010/08/27  (rcs-revision 1.2)
)
(/usr/local/texlive/2012/texmf-dist/tex/generic/pgf/basiclayer/pgfcoretranspare
ncy.code.tex
File: pgfcoretransparency.code.tex 2008/01/17  (rcs-revision 1.2)
)
(/usr/local/texlive/2012/texmf-dist/tex/generic/pgf/basiclayer/pgfcorepatterns.
code.tex
File: pgfcorepatterns.code.tex 2009/07/02  (rcs-revision 1.3)
)))
(/usr/local/texlive/2012/texmf-dist/tex/latex/pgf/utilities/xxcolor.sty
Package: xxcolor 2003/10/24 ver 0.1
\XC@nummixins=\count118
\XC@countmixins=\count119
)
(/usr/local/texlive/2012/texmf-dist/tex/latex/hyperref/hyperref.sty
Package: hyperref 2012/11/06 v6.83m Hypertext links for LaTeX

(/usr/local/texlive/2012/texmf-dist/tex/generic/oberdiek/hobsub-hyperref.sty
Package: hobsub-hyperref 2012/05/28 v1.13 Bundle oberdiek, subset hyperref (HO)


(/usr/local/texlive/2012/texmf-dist/tex/generic/oberdiek/hobsub-generic.sty
Package: hobsub-generic 2012/05/28 v1.13 Bundle oberdiek, subset generic (HO)
Package: hobsub 2012/05/28 v1.13 Construct package bundles (HO)
Package: infwarerr 2010/04/08 v1.3 Providing info/warning/error messages (HO)
Package: ltxcmds 2011/11/09 v1.22 LaTeX kernel commands for general use (HO)
Package: ifluatex 2010/03/01 v1.3 Provides the ifluatex switch (HO)
Package ifluatex Info: LuaTeX not detected.
Package hobsub Info: Skipping package `ifvtex' (already loaded).
Package: intcalc 2007/09/27 v1.1 Expandable calculations with integers (HO)
Package hobsub Info: Skipping package `ifpdf' (already loaded).
Package: etexcmds 2011/02/16 v1.5 Avoid name clashes with e-TeX commands (HO)
Package etexcmds Info: Could not find \expanded.
(etexcmds)             That can mean that you are not using pdfTeX 1.50 or
(etexcmds)             that some package has redefined \expanded.
(etexcmds)             In the latter case, load this package earlier.
Package: kvsetkeys 2012/04/25 v1.16 Key value parser (HO)
Package: kvdefinekeys 2011/04/07 v1.3 Define keys (HO)
Package: pdftexcmds 2011/11/29 v0.20 Utility functions of pdfTeX for LuaTeX (HO
)
Package pdftexcmds Info: LuaTeX not detected.
Package pdftexcmds Info: pdfTeX >= 1.30 not detected.
Package pdftexcmds Info: \pdf@primitive is not available.
Package pdftexcmds Info: \pdf@ifprimitive is not available.
Package pdftexcmds Info: \pdfdraftmode not found.
Package: pdfescape 2011/11/25 v1.13 Implements pdfTeX's escape features (HO)
Package: bigintcalc 2012/04/08 v1.3 Expandable calculations on big integers (HO
)
Package: bitset 2011/01/30 v1.1 Handle bit-vector datatype (HO)
Package: uniquecounter 2011/01/30 v1.2 Provide unlimited unique counter (HO)
)
Package hobsub Info: Skipping package `hobsub' (already loaded).
Package: letltxmacro 2010/09/02 v1.4 Let assignment for LaTeX macros (HO)
Package: hopatch 2012/05/28 v1.2 Wrapper for package hooks (HO)
Package: xcolor-patch 2011/01/30 xcolor patch
Package: atveryend 2011/06/30 v1.8 Hooks at the very end of document (HO)
Package atveryend Info: \enddocument detected (standard20110627).
Package: atbegshi 2011/10/05 v1.16 At begin shipout hook (HO)
Package: refcount 2011/10/16 v3.4 Data extraction from label references (HO)
Package: hycolor 2011/01/30 v1.7 Color options for hyperref/bookmark (HO)
)
(/usr/local/texlive/2012/texmf-dist/tex/latex/oberdiek/auxhook.sty
Package: auxhook 2011/03/04 v1.3 Hooks for auxiliary files (HO)
)
(/usr/local/texlive/2012/texmf-dist/tex/latex/oberdiek/kvoptions.sty
Package: kvoptions 2011/06/30 v3.11 Key value format for package options (HO)
)
\@linkdim=\dimen177
\Hy@linkcounter=\count120
\Hy@pagecounter=\count121

(/usr/local/texlive/2012/texmf-dist/tex/latex/hyperref/pd1enc.def
File: pd1enc.def 2012/11/06 v6.83m Hyperref: PDFDocEncoding definition (HO)
)
\Hy@SavedSpaceFactor=\count122

(/usr/local/texlive/2012/texmf-dist/tex/latex/latexconfig/hyperref.cfg
File: hyperref.cfg 2002/06/06 v1.2 hyperref configuration of TeXLive
)
Package hyperref Info: Option `final' set `true' on input line 4319.
Package hyperref Info: Option `bookmarks' set `true' on input line 4319.
Package hyperref Info: Option `bookmarksopen' set `true' on input line 4319.
Package hyperref Info: Option `implicit' set `false' on input line 4319.
Package hyperref Info: Hyper figures OFF on input line 4443.
Package hyperref Info: Link nesting OFF on input line 4448.
Package hyperref Info: Hyper index ON on input line 4451.
Package hyperref Info: Plain pages OFF on input line 4458.
Package hyperref Info: Backreferencing OFF on input line 4463.
Package hyperref Info: Implicit mode OFF; no redefinition of LaTeX internals.
Package hyperref Info: Bookmarks ON on input line 4688.
\c@Hy@tempcnt=\count123

(/usr/local/texlive/2012/texmf-dist/tex/latex/url/url.sty
\Urlmuskip=\muskip10
Package: url 2006/04/12  ver 3.3  Verb mode for urls, etc.
)
LaTeX Info: Redefining \url on input line 5041.
\XeTeXLinkMargin=\dimen178
\Fld@menulength=\count124
\Field@Width=\dimen179
\Fld@charsize=\dimen180
Package hyperref Info: Hyper figures OFF on input line 6295.
Package hyperref Info: Link nesting OFF on input line 6300.
Package hyperref Info: Hyper index ON on input line 6303.
Package hyperref Info: backreferencing OFF on input line 6310.
Package hyperref Info: Link coloring OFF on input line 6315.
Package hyperref Info: Link coloring with OCG OFF on input line 6320.
Package hyperref Info: PDF/A mode OFF on input line 6325.
LaTeX Info: Redefining \ref on input line 6365.
LaTeX Info: Redefining \pageref on input line 6369.
\Hy@abspage=\count125


Package hyperref Message: Stopped early.

)

Package hyperref Message: Driver (default): hdvips.

(/usr/local/texlive/2012/texmf-dist/tex/latex/hyperref/hdvips.def
File: hdvips.def 2012/11/06 v6.83m Hyperref driver for dvips

(/usr/local/texlive/2012/texmf-dist/tex/latex/hyperref/pdfmark.def
File: pdfmark.def 2012/11/06 v6.83m Hyperref definitions for pdfmark specials
\pdf@docset=\toks24
\pdf@box=\box55
\pdf@toks=\toks25
\pdf@defaulttoks=\toks26
\HyField@AnnotCount=\count126
\Fld@listcount=\count127
\c@bookmark@seq@number=\count128

(/usr/local/texlive/2012/texmf-dist/tex/latex/oberdiek/rerunfilecheck.sty
Package: rerunfilecheck 2011/04/15 v1.7 Rerun checks for auxiliary files (HO)
Package rerunfilecheck Info: Feature \pdfmdfivesum is not available
(rerunfilecheck)             (e.g. pdfTeX or LuaTeX with package `pdftexcmds').

(rerunfilecheck)             Therefore file contents cannot be checked efficien
tly
(rerunfilecheck)             and the loading of the package is aborted.
)))
(/usr/local/texlive/2012/texmf-dist/tex/latex/beamer/beamerbaserequires.sty
Package: beamerbaserequires 2010/05/01  (rcs-revision efa082c6111d)

(/usr/local/texlive/2012/texmf-dist/tex/latex/beamer/beamerbasecompatibility.st
y
Package: beamerbasecompatibility 2012/05/01  (rcs-revision 67c48b3b652d)
) (/usr/local/texlive/2012/texmf-dist/tex/latex/beamer/beamerbasefont.sty
Package: beamerbasefont 2012/09/19  (rcs-revision 733629cd0c6c)

(/usr/local/texlive/2012/texmf-dist/tex/latex/amsfonts/amssymb.sty
Package: amssymb 2013/01/14 v3.01 AMS font symbols

(/usr/local/texlive/2012/texmf-dist/tex/latex/amsfonts/amsfonts.sty
Package: amsfonts 2013/01/14 v3.01 Basic AMSFonts support
\@emptytoks=\toks27
\symAMSa=\mathgroup4
\symAMSb=\mathgroup5
LaTeX Font Info:    Overwriting math alphabet `\mathfrak' in version `bold'
(Font)                  U/euf/m/n --> U/euf/b/n on input line 106.
)))
(/usr/local/texlive/2012/texmf-dist/tex/latex/beamer/beamerbasetranslator.sty
Package: beamerbasetranslator 2010/06/11  (rcs-revision 85fd1cc7fc42)

(/usr/local/texlive/2012/texmf-dist/tex/latex/beamer/translator/translator.sty
Package: translator 2010/06/12 ver 1.10

(/usr/local/texlive/2012/texmf-dist/tex/latex/beamer/translator/translator-lang
uage-mappings.tex)))
(/usr/local/texlive/2012/texmf-dist/tex/latex/beamer/beamerbasemisc.sty
Package: beamerbasemisc 2012/02/24  (rcs-revision 2ff5461be705)
)
(/usr/local/texlive/2012/texmf-dist/tex/latex/beamer/beamerbasetwoscreens.sty
Package: beamerbasetwoscreens 2010/05/01  (rcs-revision efa082c6111d)
)
(/usr/local/texlive/2012/texmf-dist/tex/latex/beamer/beamerbaseoverlay.sty
Package: beamerbaseoverlay 2012/11/11  (rcs-revision 6afbc49b1109)
\beamer@argscount=\count129
\beamer@lastskipcover=\skip44
\beamer@trivlistdepth=\count130
)
(/usr/local/texlive/2012/texmf-dist/tex/latex/beamer/beamerbasetitle.sty
Package: beamerbasetitle 2010/09/21  (rcs-revision f0446ed0b6ae)
)
(/usr/local/texlive/2012/texmf-dist/tex/latex/beamer/beamerbasesection.sty
Package: beamerbasesection 2013/01/04  (rcs-revision 54309ceef997)
\c@lecture=\count131
\c@part=\count132
\c@section=\count133
\c@subsection=\count134
\c@subsubsection=\count135
)
(/usr/local/texlive/2012/texmf-dist/tex/latex/beamer/beamerbaseframe.sty
Package: beamerbaseframe 2012/12/26  (rcs-revision 1443917db2cf)
\beamer@framebox=\box56
\beamer@frametitlebox=\box57
\beamer@zoombox=\box58
\beamer@zoomcount=\count136
\beamer@zoomframecount=\count137
\beamer@frametextheight=\dimen181
\c@subsectionslide=\count138
\beamer@frametopskip=\skip45
\beamer@framebottomskip=\skip46
\beamer@frametopskipautobreak=\skip47
\beamer@framebottomskipautobreak=\skip48
\beamer@envbody=\toks28
\framewidth=\dimen182
\c@framenumber=\count139
)
(/usr/local/texlive/2012/texmf-dist/tex/latex/beamer/beamerbaseverbatim.sty
Package: beamerbaseverbatim 2012/08/30  (rcs-revision dfdb135076b3)
\beamer@verbatimfileout=\write4
)
(/usr/local/texlive/2012/texmf-dist/tex/latex/beamer/beamerbaseframesize.sty
Package: beamerbaseframesize 2011/09/12  (rcs-revision 70f9d8411e54)
\beamer@splitbox=\box59
\beamer@autobreakcount=\count140
\beamer@autobreaklastheight=\dimen183
\beamer@frametitletoks=\toks29
\beamer@framesubtitletoks=\toks30
)
(/usr/local/texlive/2012/texmf-dist/tex/latex/beamer/beamerbaseframecomponents.
sty
Package: beamerbaseframecomponents 2012/09/13  (rcs-revision dcd846607320)
\beamer@footins=\box60
) (/usr/local/texlive/2012/texmf-dist/tex/latex/beamer/beamerbasecolor.sty
Package: beamerbasecolor 2010/06/06  (rcs-revision d1a9b48be06d)
)
(/usr/local/texlive/2012/texmf-dist/tex/latex/beamer/beamerbasenotes.sty
Package: beamerbasenotes 2012/12/19  (rcs-revision 1686da3db3c9)
\beamer@frameboxcopy=\box61
)
(/usr/local/texlive/2012/texmf-dist/tex/latex/beamer/beamerbasetoc.sty
Package: beamerbasetoc 2012/10/02  (rcs-revision 5ed0f4010e8a)
)
(/usr/local/texlive/2012/texmf-dist/tex/latex/beamer/beamerbasetemplates.sty
Package: beamerbasetemplates 2010/05/01  (rcs-revision efa082c6111d)
\beamer@sbttoks=\toks31

(/usr/local/texlive/2012/texmf-dist/tex/latex/beamer/beamerbaseauxtemplates.sty
Package: beamerbaseauxtemplates 2012/05/01  (rcs-revision 67c48b3b652d)
(/usr/local/texlive/2012/texmf-dist/tex/latex/beamer/beamerbaseboxes.sty
Package: beamerbaseboxes 2012/05/13  (rcs-revision 56972908a390)
\bmb@box=\box62
\bmb@colorbox=\box63
\bmb@boxshadow=\box64
\bmb@boxshadowball=\box65
\bmb@boxshadowballlarge=\box66
\bmb@temp=\dimen184
\bmb@dima=\dimen185
\bmb@dimb=\dimen186
\bmb@prevheight=\dimen187
)
\beamer@blockheadheight=\dimen188
))
(/usr/local/texlive/2012/texmf-dist/tex/latex/beamer/beamerbaselocalstructure.s
ty
Package: beamerbaselocalstructure 2012/11/13  (rcs-revision ddfba79dac19)
 (/usr/local/texlive/2012/texmf-dist/tex/latex/tools/enumerate.sty
Package: enumerate 1999/03/05 v3.00 enumerate extensions (DPC)
\@enLab=\toks32
)
\c@figure=\count141
\c@table=\count142
\abovecaptionskip=\skip49
\belowcaptionskip=\skip50
)
(/usr/local/texlive/2012/texmf-dist/tex/latex/beamer/beamerbasenavigation.sty
Package: beamerbasenavigation 2012/04/03  (rcs-revision 42a0f21a412d)
\beamer@section@min@dim=\dimen189
)
(/usr/local/texlive/2012/texmf-dist/tex/latex/beamer/beamerbasetheorems.sty
Package: beamerbasetheorems 2010/06/06  (rcs-revision 7e7cc5e53e9d)

(/usr/local/texlive/2012/texmf-dist/tex/latex/amsmath/amsmath.sty
Package: amsmath 2013/01/14 v2.14 AMS math features
\@mathmargin=\skip51

For additional information on amsmath, use the `?' option.
(/usr/local/texlive/2012/texmf-dist/tex/latex/amsmath/amstext.sty
Package: amstext 2000/06/29 v2.01

(/usr/local/texlive/2012/texmf-dist/tex/latex/amsmath/amsgen.sty
File: amsgen.sty 1999/11/30 v2.0
\@emptytoks=\toks33
\ex@=\dimen190
))
(/usr/local/texlive/2012/texmf-dist/tex/latex/amsmath/amsbsy.sty
Package: amsbsy 1999/11/29 v1.2d
\pmbraise@=\dimen191
)
(/usr/local/texlive/2012/texmf-dist/tex/latex/amsmath/amsopn.sty
Package: amsopn 1999/12/14 v2.01 operator names
)
\inf@bad=\count143
LaTeX Info: Redefining \frac on input line 210.
\uproot@=\count144
\leftroot@=\count145
LaTeX Info: Redefining \overline on input line 306.
\classnum@=\count146
\DOTSCASE@=\count147
LaTeX Info: Redefining \ldots on input line 378.
LaTeX Info: Redefining \dots on input line 381.
LaTeX Info: Redefining \cdots on input line 466.
\Mathstrutbox@=\box67
\strutbox@=\box68
\big@size=\dimen192
LaTeX Font Info:    Redeclaring font encoding OML on input line 566.
LaTeX Font Info:    Redeclaring font encoding OMS on input line 567.
\macc@depth=\count148
\c@MaxMatrixCols=\count149
\dotsspace@=\muskip11
\c@parentequation=\count150
\dspbrk@lvl=\count151
\tag@help=\toks34
\row@=\count152
\column@=\count153
\maxfields@=\count154
\andhelp@=\toks35
\eqnshift@=\dimen193
\alignsep@=\dimen194
\tagshift@=\dimen195
\tagwidth@=\dimen196
\totwidth@=\dimen197
\lineht@=\dimen198
\@envbody=\toks36
\multlinegap=\skip52
\multlinetaggap=\skip53
\mathdisplay@stack=\toks37
LaTeX Info: Redefining \[ on input line 2665.
LaTeX Info: Redefining \] on input line 2666.
)
(/usr/local/texlive/2012/texmf-dist/tex/latex/amscls/amsthm.sty
Package: amsthm 2004/08/06 v2.20
\thm@style=\toks38
\thm@bodyfont=\toks39
\thm@headfont=\toks40
\thm@notefont=\toks41
\thm@headpunct=\toks42
\thm@preskip=\skip54
\thm@postskip=\skip55
\thm@headsep=\skip56
\dth@everypar=\toks43
)
\c@theorem=\count155
)
(/usr/local/texlive/2012/texmf-dist/tex/latex/beamer/beamerbasethemes.sty
Package: beamerbasethemes 2010/05/01  (rcs-revision efa082c6111d)
))
(/usr/local/texlive/2012/texmf-dist/tex/latex/beamer/themes/theme/beamerthemede
fault.sty
Package: beamerthemedefault 2010/06/17  (rcs-revision d02a7cf4d8ae)

(/usr/local/texlive/2012/texmf-dist/tex/latex/beamer/themes/font/beamerfontthem
edefault.sty
Package: beamerfontthemedefault 2012/12/19  (rcs-revision 1686da3db3c9)
)
(/usr/local/texlive/2012/texmf-dist/tex/latex/beamer/themes/color/beamercolorth
emedefault.sty
Package: beamercolorthemedefault 2012/12/19  (rcs-revision 1686da3db3c9)
)
(/usr/local/texlive/2012/texmf-dist/tex/latex/beamer/themes/inner/beamerinnerth
emedefault.sty
Package: beamerinnerthemedefault 2012/05/01  (rcs-revision 67c48b3b652d)
\beamer@dima=\dimen199
\beamer@dimb=\dimen200
)
(/usr/local/texlive/2012/texmf-dist/tex/latex/beamer/themes/outer/beamerouterth
emedefault.sty
Package: beamerouterthemedefault 2012/12/19  (rcs-revision 1686da3db3c9)
)))
(/usr/local/texlive/2012/texmf-dist/tex/latex/beamer/themes/theme/beamerthemeBe
rlin.sty
Package: beamerthemeBerlin 2010/06/17  (rcs-revision d02a7cf4d8ae)

(/usr/local/texlive/2012/texmf-dist/tex/latex/beamer/themes/outer/beamerouterth
ememiniframes.sty
Package: beamerouterthememiniframes 2010/06/17  (rcs-revision d02a7cf4d8ae)
)
(/usr/local/texlive/2012/texmf-dist/tex/latex/beamer/themes/color/beamercolorth
emewhale.sty
Package: beamercolorthemewhale 2010/06/17  (rcs-revision d02a7cf4d8ae)
)
(/usr/local/texlive/2012/texmf-dist/tex/latex/beamer/themes/color/beamercolorth
emeorchid.sty
Package: beamercolorthemeorchid 2010/06/17  (rcs-revision d02a7cf4d8ae)
)
(/usr/local/texlive/2012/texmf-dist/tex/latex/beamer/themes/inner/beamerinnerth
emerectangles.sty
Package: beamerinnerthemerectangles 2010/06/17  (rcs-revision d02a7cf4d8ae)
))
(/usr/local/texlive/2012/texmf-dist/tex/generic/babel/babel.sty
Package: babel 2008/07/08 v3.8m The Babel package

(/usr/local/texlive/2012/texmf-dist/tex/generic/babel/english.ldf
Language: english 2005/03/30 v3.3o English support from the babel system

(/usr/local/texlive/2012/texmf-dist/tex/generic/babel/babel.def
File: babel.def 2008/07/08 v3.8m Babel common definitions
LaTeX Info: Redefining \textlatin on input line 82.
\babel@savecnt=\count156
\U@D=\dimen201
)
\l@canadian = a dialect from \language\l@american 
\l@australian = a dialect from \language\l@british 
\l@newzealand = a dialect from \language\l@british 
))
(/usr/local/texlive/2012/texmf-dist/tex/latex/base/inputenc.sty
Package: inputenc 2008/03/30 v1.1d Input encoding file
\inpenc@prehook=\toks44
\inpenc@posthook=\toks45

(/usr/local/texlive/2012/texmf-dist/tex/latex/base/latin1.def
File: latin1.def 2008/03/30 v1.1d Input encoding file
))
(/usr/local/texlive/2012/texmf-dist/tex/latex/base/latexsym.sty
Package: latexsym 1998/08/17 v2.2e Standard LaTeX package (lasy symbols)
\symlasy=\mathgroup6
LaTeX Font Info:    Overwriting symbol font `lasy' in version `bold'
(Font)                  U/lasy/m/n --> U/lasy/b/n on input line 47.
)
(/usr/local/texlive/2012/texmf-dist/tex/latex/beamer/themes/font/beamerfontthem
eserif.sty
Package: beamerfontthemeserif 2010/06/17  (rcs-revision d02a7cf4d8ae)
) (./beamerposter.sty
Package: beamerposter 2015/04/21 v.1.12 latex-beamer poster extension

(/usr/local/texlive/2012/texmf-dist/tex/latex/xkeyval/xkeyval.sty
Package: xkeyval 2012/10/14 v2.6b package option processing (HA)

(/usr/local/texlive/2012/texmf-dist/tex/generic/xkeyval/xkeyval.tex
\XKV@toks=\toks46
\XKV@tempa@toks=\toks47
\XKV@depth=\count157
File: xkeyval.tex 2012/10/14 v2.6b key=value parser (HA)
))
(/usr/local/texlive/2012/texmf-dist/tex/latex/type1cm/type1cm.sty
Package: type1cm 2002/09/05 v0.04 BlueSky/Y&Y Type1 CM font definitions (DPC, p
atched RF)
)
(/usr/local/texlive/2012/texmf-dist/tex/latex/fp/fp.sty
Package: fp 1995/04/02

`Fixed Point Package', Version 0.8, April 2, 1995 (C) Michael Mehlich
(/usr/local/texlive/2012/texmf-dist/tex/latex/fp/defpattern.sty
Package: defpattern 1994/10/12
\actioncount=\count158
)
(/usr/local/texlive/2012/texmf-dist/tex/latex/fp/fp-basic.sty
Package: fp-basic 1996/05/13
\FP@xs=\count159
\FP@xia=\count160
\FP@xib=\count161
\FP@xfa=\count162
\FP@xfb=\count163
\FP@rega=\count164
\FP@regb=\count165
\FP@regs=\count166
\FP@times=\count167
)
(/usr/local/texlive/2012/texmf-dist/tex/latex/fp/fp-addons.sty
Package: fp-addons 1995/03/15
)
(/usr/local/texlive/2012/texmf-dist/tex/latex/fp/fp-snap.sty
Package: fp-snap 1995/04/05
)
(/usr/local/texlive/2012/texmf-dist/tex/latex/fp/fp-exp.sty
Package: fp-exp 1995/04/03
)
(/usr/local/texlive/2012/texmf-dist/tex/latex/fp/fp-trigo.sty
Package: fp-trigo 1995/04/14
)
(/usr/local/texlive/2012/texmf-dist/tex/latex/fp/fp-pas.sty
Package: fp-pas 1994/08/29
)
(/usr/local/texlive/2012/texmf-dist/tex/latex/fp/fp-random.sty
Package: fp-random 1995/02/23
\FPseed=\count168
)
(/usr/local/texlive/2012/texmf-dist/tex/latex/fp/fp-eqn.sty
Package: fp-eqn 1995/04/03
)
(/usr/local/texlive/2012/texmf-dist/tex/latex/fp/fp-upn.sty
Package: fp-upn 1996/10/21
)
(/usr/local/texlive/2012/texmf-dist/tex/latex/fp/fp-eval.sty
Package: fp-eval 1995/04/03
))
Package beamerposter Info: checking size input, please wait. on input line 128.

Package beamerposter Info: the input a0\ 1\ was correct, we proceed. on input l
ine 128.
Package beamerposter Info: finished size input check. on input line 128.
Package beamerposter Info: myfontscale=1.0 on input line 128.
Package beamerposter Info: checking orientation input, please wait. on input li
ne 129.
Package beamerposter Info: the input portrait\ 0\ was correct, we proceed. on i
nput line 129.
Package beamerposter Info: finished orientation check. on input line 129.
Package beamerposter Info: checking size input, please wait. on input line 129.

Package beamerposter Info: the input a0\ 1\ was correct, we proceed. on input l
ine 129.
Package beamerposter Info: finished size input check. on input line 129.
Package beamerposter Info: myfontscale=1.4 on input line 129.
Package beamerposter Info: enabled debug mode on input line 129.
 ( FP-UPN
FP debug: upn: +++ computing upn-expression "myfontscale fontscale * 2 round"
FP debug: upn: calculating "myfontscale"
FP debug: upn: result      "1.4"
FP debug: upn: calculating "fontscale"
FP debug: upn: result      "1.0"
FP debug: upn: calculating "1.0 mul 1.4"
( FP-MUL )
FP debug: upn: result      "1.400000000000000000"
FP debug: upn: calculating "2"
FP debug: upn: result      "2"
FP debug: upn: calculating "round(1.400000000000000000:2)"
( FP-ROUND )
FP debug: upn: result      "1.40"
FP debug: upn: +++ result of upn-expression is "(1.40)"
)
\tmp=\dimen202
Package beamerposter Info: paperwidth=2388.89357pt, paperheight=3380.75665pt on
 input line 172.
Package beamerposter Info: textwidth=2360.44081pt, textwidth=3352.3039pt on inp
ut line 173.
Package beamerposter Info: fontscale=1.0, myfontscale=1.40 on input line 174.
 ( FP-UPN
FP debug: upn: +++ computing upn-expression "myfontscale fontSizeX * 2 round"
FP debug: upn: calculating "myfontscale"
FP debug: upn: result      "1.40"
FP debug: upn: calculating "fontSizeX"
FP debug: upn: result      "12"
FP debug: upn: calculating "12 mul 1.40"
( FP-MUL )
FP debug: upn: result      "16.800000000000000000"
FP debug: upn: calculating "2"
FP debug: upn: result      "2"
FP debug: upn: calculating "round(16.800000000000000000:2)"
( FP-ROUND )
FP debug: upn: result      "16.80"
FP debug: upn: +++ result of upn-expression is "(16.80)"
) ( FP-UPN
FP debug: upn: +++ computing upn-expression "myfontscale fontSizeY * 2 round"
FP debug: upn: calculating "myfontscale"
FP debug: upn: result      "1.40"
FP debug: upn: calculating "fontSizeY"
FP debug: upn: result      "14"
FP debug: upn: calculating "14 mul 1.40"
( FP-MUL )
FP debug: upn: result      "19.600000000000000000"
FP debug: upn: calculating "2"
FP debug: upn: result      "2"
FP debug: upn: calculating "round(19.600000000000000000:2)"
( FP-ROUND )
FP debug: upn: result      "19.60"
FP debug: upn: +++ result of upn-expression is "(19.60)"
) ( FP-UPN
FP debug: upn: +++ computing upn-expression "myfontscale fontSizeX * 2 round"
FP debug: upn: calculating "myfontscale"
FP debug: upn: result      "1.40"
FP debug: upn: calculating "fontSizeX"
FP debug: upn: result      "14.4"
FP debug: upn: calculating "14.4 mul 1.40"
( FP-MUL )
FP debug: upn: result      "20.160000000000000000"
FP debug: upn: calculating "2"
FP debug: upn: result      "2"
FP debug: upn: calculating "round(20.160000000000000000:2)"
( FP-ROUND )
FP debug: upn: result      "20.16"
FP debug: upn: +++ result of upn-expression is "(20.16)"
) ( FP-UPN
FP debug: upn: +++ computing upn-expression "myfontscale fontSizeY * 2 round"
FP debug: upn: calculating "myfontscale"
FP debug: upn: result      "1.40"
FP debug: upn: calculating "fontSizeY"
FP debug: upn: result      "18"
FP debug: upn: calculating "18 mul 1.40"
( FP-MUL )
FP debug: upn: result      "25.200000000000000000"
FP debug: upn: calculating "2"
FP debug: upn: result      "2"
FP debug: upn: calculating "round(25.200000000000000000:2)"
( FP-ROUND )
FP debug: upn: result      "25.20"
FP debug: upn: +++ result of upn-expression is "(25.20)"
) ( FP-UPN
FP debug: upn: +++ computing upn-expression "myfontscale fontSizeX * 2 round"
FP debug: upn: calculating "myfontscale"
FP debug: upn: result      "1.40"
FP debug: upn: calculating "fontSizeX"
FP debug: upn: result      "17.28"
FP debug: upn: calculating "17.28 mul 1.40"
( FP-MUL )
FP debug: upn: result      "24.192000000000000000"
FP debug: upn: calculating "2"
FP debug: upn: result      "2"
FP debug: upn: calculating "round(24.192000000000000000:2)"
( FP-ROUND )
FP debug: upn: result      "24.19"
FP debug: upn: +++ result of upn-expression is "(24.19)"
) ( FP-UPN
FP debug: upn: +++ computing upn-expression "myfontscale fontSizeY * 2 round"
FP debug: upn: calculating "myfontscale"
FP debug: upn: result      "1.40"
FP debug: upn: calculating "fontSizeY"
FP debug: upn: result      "22"
FP debug: upn: calculating "22 mul 1.40"
( FP-MUL )
FP debug: upn: result      "30.800000000000000000"
FP debug: upn: calculating "2"
FP debug: upn: result      "2"
FP debug: upn: calculating "round(30.800000000000000000:2)"
( FP-ROUND )
FP debug: upn: result      "30.80"
FP debug: upn: +++ result of upn-expression is "(30.80)"
) ( FP-UPN
FP debug: upn: +++ computing upn-expression "myfontscale fontSizeX * 2 round"
FP debug: upn: calculating "myfontscale"
FP debug: upn: result      "1.40"
FP debug: upn: calculating "fontSizeX"
FP debug: upn: result      "20.74"
FP debug: upn: calculating "20.74 mul 1.40"
( FP-MUL )
FP debug: upn: result      "29.036000000000000000"
FP debug: upn: calculating "2"
FP debug: upn: result      "2"
FP debug: upn: calculating "round(29.036000000000000000:2)"
( FP-ROUND )
FP debug: upn: result      "29.04"
FP debug: upn: +++ result of upn-expression is "(29.04)"
) ( FP-UPN
FP debug: upn: +++ computing upn-expression "myfontscale fontSizeY * 2 round"
FP debug: upn: calculating "myfontscale"
FP debug: upn: result      "1.40"
FP debug: upn: calculating "fontSizeY"
FP debug: upn: result      "25"
FP debug: upn: calculating "25 mul 1.40"
( FP-MUL )
FP debug: upn: result      "35.000000000000000000"
FP debug: upn: calculating "2"
FP debug: upn: result      "2"
FP debug: upn: calculating "round(35.000000000000000000:2)"
( FP-ROUND )
FP debug: upn: result      "35.00"
FP debug: upn: +++ result of upn-expression is "(35.00)"
) ( FP-UPN
FP debug: upn: +++ computing upn-expression "myfontscale fontSizeX * 2 round"
FP debug: upn: calculating "myfontscale"
FP debug: upn: result      "1.40"
FP debug: upn: calculating "fontSizeX"
FP debug: upn: result      "24.88"
FP debug: upn: calculating "24.88 mul 1.40"
( FP-MUL )
FP debug: upn: result      "34.832000000000000000"
FP debug: upn: calculating "2"
FP debug: upn: result      "2"
FP debug: upn: calculating "round(34.832000000000000000:2)"
( FP-ROUND )
FP debug: upn: result      "34.83"
FP debug: upn: +++ result of upn-expression is "(34.83)"
) ( FP-UPN
FP debug: upn: +++ computing upn-expression "myfontscale fontSizeY * 2 round"
FP debug: upn: calculating "myfontscale"
FP debug: upn: result      "1.40"
FP debug: upn: calculating "fontSizeY"
FP debug: upn: result      "30"
FP debug: upn: calculating "30 mul 1.40"
( FP-MUL )
FP debug: upn: result      "42.000000000000000000"
FP debug: upn: calculating "2"
FP debug: upn: result      "2"
FP debug: upn: calculating "round(42.000000000000000000:2)"
( FP-ROUND )
FP debug: upn: result      "42.00"
FP debug: upn: +++ result of upn-expression is "(42.00)"
) ( FP-UPN
FP debug: upn: +++ computing upn-expression "myfontscale fontSizeX * 2 round"
FP debug: upn: calculating "myfontscale"
FP debug: upn: result      "1.40"
FP debug: upn: calculating "fontSizeX"
FP debug: upn: result      "29.86"
FP debug: upn: calculating "29.86 mul 1.40"
( FP-MUL )
FP debug: upn: result      "41.804000000000000000"
FP debug: upn: calculating "2"
FP debug: upn: result      "2"
FP debug: upn: calculating "round(41.804000000000000000:2)"
( FP-ROUND )
FP debug: upn: result      "41.80"
FP debug: upn: +++ result of upn-expression is "(41.80)"
) ( FP-UPN
FP debug: upn: +++ computing upn-expression "myfontscale fontSizeY * 2 round"
FP debug: upn: calculating "myfontscale"
FP debug: upn: result      "1.40"
FP debug: upn: calculating "fontSizeY"
FP debug: upn: result      "37"
FP debug: upn: calculating "37 mul 1.40"
( FP-MUL )
FP debug: upn: result      "51.800000000000000000"
FP debug: upn: calculating "2"
FP debug: upn: result      "2"
FP debug: upn: calculating "round(51.800000000000000000:2)"
( FP-ROUND )
FP debug: upn: result      "51.80"
FP debug: upn: +++ result of upn-expression is "(51.80)"
) ( FP-UPN
FP debug: upn: +++ computing upn-expression "myfontscale fontSizeX * 2 round"
FP debug: upn: calculating "myfontscale"
FP debug: upn: result      "1.40"
FP debug: upn: calculating "fontSizeX"
FP debug: upn: result      "35.83"
FP debug: upn: calculating "35.83 mul 1.40"
( FP-MUL )
FP debug: upn: result      "50.162000000000000000"
FP debug: upn: calculating "2"
FP debug: upn: result      "2"
FP debug: upn: calculating "round(50.162000000000000000:2)"
( FP-ROUND )
FP debug: upn: result      "50.16"
FP debug: upn: +++ result of upn-expression is "(50.16)"
) ( FP-UPN
FP debug: upn: +++ computing upn-expression "myfontscale fontSizeY * 2 round"
FP debug: upn: calculating "myfontscale"
FP debug: upn: result      "1.40"
FP debug: upn: calculating "fontSizeY"
FP debug: upn: result      "45"
FP debug: upn: calculating "45 mul 1.40"
( FP-MUL )
FP debug: upn: result      "63.000000000000000000"
FP debug: upn: calculating "2"
FP debug: upn: result      "2"
FP debug: upn: calculating "round(63.000000000000000000:2)"
( FP-ROUND )
FP debug: upn: result      "63.00"
FP debug: upn: +++ result of upn-expression is "(63.00)"
) ( FP-UPN
FP debug: upn: +++ computing upn-expression "myfontscale fontSizeX * 2 round"
FP debug: upn: calculating "myfontscale"
FP debug: upn: result      "1.40"
FP debug: upn: calculating "fontSizeX"
FP debug: upn: result      "43"
FP debug: upn: calculating "43 mul 1.40"
( FP-MUL )
FP debug: upn: result      "60.200000000000000000"
FP debug: upn: calculating "2"
FP debug: upn: result      "2"
FP debug: upn: calculating "round(60.200000000000000000:2)"
( FP-ROUND )
FP debug: upn: result      "60.20"
FP debug: upn: +++ result of upn-expression is "(60.20)"
) ( FP-UPN
FP debug: upn: +++ computing upn-expression "myfontscale fontSizeY * 2 round"
FP debug: upn: calculating "myfontscale"
FP debug: upn: result      "1.40"
FP debug: upn: calculating "fontSizeY"
FP debug: upn: result      "54"
FP debug: upn: calculating "54 mul 1.40"
( FP-MUL )
FP debug: upn: result      "75.600000000000000000"
FP debug: upn: calculating "2"
FP debug: upn: result      "2"
FP debug: upn: calculating "round(75.600000000000000000:2)"
( FP-ROUND )
FP debug: upn: result      "75.60"
FP debug: upn: +++ result of upn-expression is "(75.60)"
) ( FP-UPN
FP debug: upn: +++ computing upn-expression "myfontscale fontSizeX * 2 round"
FP debug: upn: calculating "myfontscale"
FP debug: upn: result      "1.40"
FP debug: upn: calculating "fontSizeX"
FP debug: upn: result      "51.6"
FP debug: upn: calculating "51.6 mul 1.40"
( FP-MUL )
FP debug: upn: result      "72.240000000000000000"
FP debug: upn: calculating "2"
FP debug: upn: result      "2"
FP debug: upn: calculating "round(72.240000000000000000:2)"
( FP-ROUND )
FP debug: upn: result      "72.24"
FP debug: upn: +++ result of upn-expression is "(72.24)"
) ( FP-UPN
FP debug: upn: +++ computing upn-expression "myfontscale fontSizeY * 2 round"
FP debug: upn: calculating "myfontscale"
FP debug: upn: result      "1.40"
FP debug: upn: calculating "fontSizeY"
FP debug: upn: result      "64"
FP debug: upn: calculating "64 mul 1.40"
( FP-MUL )
FP debug: upn: result      "89.600000000000000000"
FP debug: upn: calculating "2"
FP debug: upn: result      "2"
FP debug: upn: calculating "round(89.600000000000000000:2)"
( FP-ROUND )
FP debug: upn: result      "89.60"
FP debug: upn: +++ result of upn-expression is "(89.60)"
) ( FP-UPN
FP debug: upn: +++ computing upn-expression "myfontscale fontSizeX * 2 round"
FP debug: upn: calculating "myfontscale"
FP debug: upn: result      "1.40"
FP debug: upn: calculating "fontSizeX"
FP debug: upn: result      "61.92"
FP debug: upn: calculating "61.92 mul 1.40"
( FP-MUL )
FP debug: upn: result      "86.688000000000000000"
FP debug: upn: calculating "2"
FP debug: upn: result      "2"
FP debug: upn: calculating "round(86.688000000000000000:2)"
( FP-ROUND )
FP debug: upn: result      "86.69"
FP debug: upn: +++ result of upn-expression is "(86.69)"
) ( FP-UPN
FP debug: upn: +++ computing upn-expression "myfontscale fontSizeY * 2 round"
FP debug: upn: calculating "myfontscale"
FP debug: upn: result      "1.40"
FP debug: upn: calculating "fontSizeY"
FP debug: upn: result      "77"
FP debug: upn: calculating "77 mul 1.40"
( FP-MUL )
FP debug: upn: result      "107.800000000000000000"
FP debug: upn: calculating "2"
FP debug: upn: result      "2"
FP debug: upn: calculating "round(107.800000000000000000:2)"
( FP-ROUND )
FP debug: upn: result      "107.80"
FP debug: upn: +++ result of upn-expression is "(107.80)"
) ( FP-UPN
FP debug: upn: +++ computing upn-expression "myfontscale fontSizeX * 2 round"
FP debug: upn: calculating "myfontscale"
FP debug: upn: result      "1.40"
FP debug: upn: calculating "fontSizeX"
FP debug: upn: result      "74.3"
FP debug: upn: calculating "74.3 mul 1.40"
( FP-MUL )
FP debug: upn: result      "104.020000000000000000"
FP debug: upn: calculating "2"
FP debug: upn: result      "2"
FP debug: upn: calculating "round(104.020000000000000000:2)"
( FP-ROUND )
FP debug: upn: result      "104.02"
FP debug: upn: +++ result of upn-expression is "(104.02)"
) ( FP-UPN
FP debug: upn: +++ computing upn-expression "myfontscale fontSizeY * 2 round"
FP debug: upn: calculating "myfontscale"
FP debug: upn: result      "1.40"
FP debug: upn: calculating "fontSizeY"
FP debug: upn: result      "93"
FP debug: upn: calculating "93 mul 1.40"
( FP-MUL )
FP debug: upn: result      "130.200000000000000000"
FP debug: upn: calculating "2"
FP debug: upn: result      "2"
FP debug: upn: calculating "round(130.200000000000000000:2)"
( FP-ROUND )
FP debug: upn: result      "130.20"
FP debug: upn: +++ result of upn-expression is "(130.20)"
) ( FP-UPN
FP debug: upn: +++ computing upn-expression "myfontscale fontSizeX * 2 round"
FP debug: upn: calculating "myfontscale"
FP debug: upn: result      "1.40"
FP debug: upn: calculating "fontSizeX"
FP debug: upn: result      "89.16"
FP debug: upn: calculating "89.16 mul 1.40"
( FP-MUL )
FP debug: upn: result      "124.824000000000000000"
FP debug: upn: calculating "2"
FP debug: upn: result      "2"
FP debug: upn: calculating "round(124.824000000000000000:2)"
( FP-ROUND )
FP debug: upn: result      "124.82"
FP debug: upn: +++ result of upn-expression is "(124.82)"
) ( FP-UPN
FP debug: upn: +++ computing upn-expression "myfontscale fontSizeY * 2 round"
FP debug: upn: calculating "myfontscale"
FP debug: upn: result      "1.40"
FP debug: upn: calculating "fontSizeY"
FP debug: upn: result      "112"
FP debug: upn: calculating "112 mul 1.40"
( FP-MUL )
FP debug: upn: result      "156.800000000000000000"
FP debug: upn: calculating "2"
FP debug: upn: result      "2"
FP debug: upn: calculating "round(156.800000000000000000:2)"
( FP-ROUND )
FP debug: upn: result      "156.80"
FP debug: upn: +++ result of upn-expression is "(156.80)"
) ( FP-UPN
FP debug: upn: +++ computing upn-expression "myfontscale fontSizeX * 2 round"
FP debug: upn: calculating "myfontscale"
FP debug: upn: result      "1.40"
FP debug: upn: calculating "fontSizeX"
FP debug: upn: result      "107"
FP debug: upn: calculating "107 mul 1.40"
( FP-MUL )
FP debug: upn: result      "149.800000000000000000"
FP debug: upn: calculating "2"
FP debug: upn: result      "2"
FP debug: upn: calculating "round(149.800000000000000000:2)"
( FP-ROUND )
FP debug: upn: result      "149.80"
FP debug: upn: +++ result of upn-expression is "(149.80)"
) ( FP-UPN
FP debug: upn: +++ computing upn-expression "myfontscale fontSizeY * 2 round"
FP debug: upn: calculating "myfontscale"
FP debug: upn: result      "1.40"
FP debug: upn: calculating "fontSizeY"
FP debug: upn: result      "134"
FP debug: upn: calculating "134 mul 1.40"
( FP-MUL )
FP debug: upn: result      "187.600000000000000000"
FP debug: upn: calculating "2"
FP debug: upn: result      "2"
FP debug: upn: calculating "round(187.600000000000000000:2)"
( FP-ROUND )
FP debug: upn: result      "187.60"
FP debug: upn: +++ result of upn-expression is "(187.60)"
) ( FP-UPN
FP debug: upn: +++ computing upn-expression "labelWidthValue myfontscale * 2 ro
und"
FP debug: upn: calculating "labelWidthValue"
FP debug: upn: result      "1"
FP debug: upn: calculating "myfontscale"
FP debug: upn: result      "1.40"
FP debug: upn: calculating "1.40 mul 1"
( FP-MUL )
FP debug: upn: result      "1.400000000000000000"
FP debug: upn: calculating "2"
FP debug: upn: result      "2"
FP debug: upn: calculating "round(1.400000000000000000:2)"
( FP-ROUND )
FP debug: upn: result      "1.40"
FP debug: upn: +++ result of upn-expression is "(1.40)"
) ( FP-UPN
FP debug: upn: +++ computing upn-expression "labelSepValue myfontscale * 2 roun
d"
FP debug: upn: calculating "labelSepValue"
FP debug: upn: result      "1"
FP debug: upn: calculating "myfontscale"
FP debug: upn: result      "1.40"
FP debug: upn: calculating "1.40 mul 1"
( FP-MUL )
FP debug: upn: result      "1.400000000000000000"
FP debug: upn: calculating "2"
FP debug: upn: result      "2"
FP debug: upn: calculating "round(1.400000000000000000:2)"
( FP-ROUND )
FP debug: upn: result      "1.40"
FP debug: upn: +++ result of upn-expression is "(1.40)"
) ( FP-UPN
FP debug: upn: +++ computing upn-expression "indentionLevelValuei myfontscale *
 2 round"
FP debug: upn: calculating "indentionLevelValuei"
FP debug: upn: result      "4"
FP debug: upn: calculating "myfontscale"
FP debug: upn: result      "1.40"
FP debug: upn: calculating "1.40 mul 4"
( FP-MUL )
FP debug: upn: result      "5.600000000000000000"
FP debug: upn: calculating "2"
FP debug: upn: result      "2"
FP debug: upn: calculating "round(5.600000000000000000:2)"
( FP-ROUND )
FP debug: upn: result      "5.60"
FP debug: upn: +++ result of upn-expression is "(5.60)"
) ( FP-UPN
FP debug: upn: +++ computing upn-expression "indentionLevelValueii myfontscale 
* 2 round"
FP debug: upn: calculating "indentionLevelValueii"
FP debug: upn: result      "2.2"
FP debug: upn: calculating "myfontscale"
FP debug: upn: result      "1.40"
FP debug: upn: calculating "1.40 mul 2.2"
( FP-MUL )
FP debug: upn: result      "3.080000000000000000"
FP debug: upn: calculating "2"
FP debug: upn: result      "2"
FP debug: upn: calculating "round(3.080000000000000000:2)"
( FP-ROUND )
FP debug: upn: result      "3.08"
FP debug: upn: +++ result of upn-expression is "(3.08)"
) ( FP-UPN
FP debug: upn: +++ computing upn-expression "indentionLevelValueiii myfontscale
 * 2 round"
FP debug: upn: calculating "indentionLevelValueiii"
FP debug: upn: result      "1.87"
FP debug: upn: calculating "myfontscale"
FP debug: upn: result      "1.40"
FP debug: upn: calculating "1.40 mul 1.87"
( FP-MUL )
FP debug: upn: result      "2.618000000000000000"
FP debug: upn: calculating "2"
FP debug: upn: result      "2"
FP debug: upn: calculating "round(2.618000000000000000:2)"
( FP-ROUND )
FP debug: upn: result      "2.62"
FP debug: upn: +++ result of upn-expression is "(2.62)"
) ( FP-UPN
FP debug: upn: +++ computing upn-expression "bibIconScaleValue myfontscale * 2 
round"
FP debug: upn: calculating "bibIconScaleValue"
FP debug: upn: result      "2"
FP debug: upn: calculating "myfontscale"
FP debug: upn: result      "1.40"
FP debug: upn: calculating "1.40 mul 2"
( FP-MUL )
FP debug: upn: result      "2.800000000000000000"
FP debug: upn: calculating "2"
FP debug: upn: result      "2"
FP debug: upn: calculating "round(2.800000000000000000:2)"
( FP-ROUND )
FP debug: upn: result      "2.80"
FP debug: upn: +++ result of upn-expression is "(2.80)"
)) (./example.aux)
\openout1 = `example.aux'.

LaTeX Font Info:    Checking defaults for OML/cmm/m/it on input line 22.
LaTeX Font Info:    ... okay on input line 22.
LaTeX Font Info:    Checking defaults for T1/cmr/m/n on input line 22.
LaTeX Font Info:    ... okay on input line 22.
LaTeX Font Info:    Checking defaults for OT1/cmr/m/n on input line 22.
LaTeX Font Info:    ... okay on input line 22.
LaTeX Font Info:    Checking defaults for OMS/cmsy/m/n on input line 22.
LaTeX Font Info:    ... okay on input line 22.
LaTeX Font Info:    Checking defaults for OMX/cmex/m/n on input line 22.
LaTeX Font Info:    ... okay on input line 22.
LaTeX Font Info:    Checking defaults for U/cmr/m/n on input line 22.
LaTeX Font Info:    ... okay on input line 22.
LaTeX Font Info:    Checking defaults for JY1/mc/m/n on input line 22.
LaTeX Font Info:    ... okay on input line 22.
LaTeX Font Info:    Checking defaults for JT1/mc/m/n on input line 22.
LaTeX Font Info:    ... okay on input line 22.
LaTeX Font Info:    Checking defaults for PD1/pdf/m/n on input line 22.
LaTeX Font Info:    ... okay on input line 22.

*geometry* driver: auto-detecting
*geometry* detected driver: dvips
*geometry* verbose mode - [ preamble ] result:
* driver: dvips
* paper: custom
* layout: <same size as paper>
* layoutoffset:(h,v)=(0.0pt,0.0pt)
* modes: includehead includefoot 
* h-part:(L,W,R)=(28.45274pt, 2331.98808pt, 28.45274pt)
* v-part:(T,H,B)=(0.0pt, 3380.75665pt, 0.0pt)
* \paperwidth=2388.89357pt
* \paperheight=3380.75665pt
* \textwidth=2331.98808pt
* \textheight=3352.30392pt
* \oddsidemargin=-43.81725pt
* \evensidemargin=-43.81725pt
* \topmargin=-72.26999pt
* \headheight=14.22636pt
* \headsep=0.0pt
* \topskip=11.0pt
* \footskip=14.22636pt
* \marginparwidth=4.0pt
* \marginparsep=10.0pt
* \columnsep=10.0pt
* \skip\footins=10.0pt plus 4.0pt minus 2.0pt
* \hoffset=0.0pt
* \voffset=0.0pt
* \mag=1000
* \@twocolumnfalse
* \@twosidefalse
* \@mparswitchfalse
* \@reversemarginfalse
* (1in=72.27pt=25.4mm, 1cm=28.453pt)

ABD: EveryShipout initializing macros
\AtBeginShipoutBox=\box69
Package hyperref Info: Link coloring OFF on input line 22.

(/usr/local/texlive/2012/texmf-dist/tex/latex/hyperref/nameref.sty
Package: nameref 2012/10/27 v2.43 Cross-referencing by name of section

(/usr/local/texlive/2012/texmf-dist/tex/generic/oberdiek/gettitlestring.sty
Package: gettitlestring 2010/12/03 v1.4 Cleanup title references (HO)
)
\c@section@level=\count169
)
LaTeX Info: Redefining \ref on input line 22.
LaTeX Info: Redefining \pageref on input line 22.
LaTeX Info: Redefining \nameref on input line 22.

(./example.out) (./example.out)
\@outlinefile=\write5
\openout5 = `example.out'.


(/usr/local/texlive/2012/texmf-dist/tex/latex/beamer/translator/dicts/translato
r-basic-dictionary/translator-basic-dictionary-English.dict
Dictionary: translator-basic-dictionary, Language: English 
)
(/usr/local/texlive/2012/texmf-dist/tex/latex/beamer/translator/dicts/translato
r-bibliography-dictionary/translator-bibliography-dictionary-English.dict
Dictionary: translator-bibliography-dictionary, Language: English 
)
(/usr/local/texlive/2012/texmf-dist/tex/latex/beamer/translator/dicts/translato
r-environment-dictionary/translator-environment-dictionary-English.dict
Dictionary: translator-environment-dictionary, Language: English 
)
(/usr/local/texlive/2012/texmf-dist/tex/latex/beamer/translator/dicts/translato
r-months-dictionary/translator-months-dictionary-English.dict
Dictionary: translator-months-dictionary, Language: English 
)
(/usr/local/texlive/2012/texmf-dist/tex/latex/beamer/translator/dicts/translato
r-numbers-dictionary/translator-numbers-dictionary-English.dict
Dictionary: translator-numbers-dictionary, Language: English 
)
(/usr/local/texlive/2012/texmf-dist/tex/latex/beamer/translator/dicts/translato
r-theorem-dictionary/translator-theorem-dictionary-English.dict
Dictionary: translator-theorem-dictionary, Language: English 
)
LaTeX Info: Redefining \includegraphics on input line 22.
 (./example.nav) [1

]
\tf@nav=\write6
\openout6 = `example.nav'.

\tf@toc=\write7
\openout7 = `example.toc'.

\tf@snm=\write8
\openout8 = `example.snm'.

Package atveryend Info: Empty hook `BeforeClearDocument' on input line 42.
Package atveryend Info: Empty hook `AfterLastShipout' on input line 42.
 (./example.aux)
Package atveryend Info: Empty hook `AtVeryEndDocument' on input line 42.
Package atveryend Info: Empty hook `AtEndAfterFileList' on input line 42.
Package atveryend Info: Empty hook `AtVeryVeryEnd' on input line 42.
 ) 
Here is how much of TeX's memory you used:
 16365 strings out of 494052
 303998 string characters out of 3155844
 411909 words of memory out of 3000000
 19378 multiletter control sequences out of 15000+200000
 17053 words of font info for 68 fonts, out of 3000000 for 9000
 745 hyphenation exceptions out of 8191
 49i,15n,66p,511b,652s stack positions out of 5000i,500n,10000p,200000b,50000s

Output written on example.dvi (1 page, 19332 bytes).
