This is e-pTeX, Version 3.14159265-p3.6-141210-2.6 (utf8.euc) (TeX Live 2015) (preloaded format=platex 2015.10.22)  13 FEB 2016 14:39
entering extended mode
 restricted \write18 enabled.
 %&-line parsing enabled.
**poster-sample-portrait.tex
(./poster-sample-portrait.tex
pLaTeX2e <2006/11/10> (based on LaTeX2e <2015/01/01> patch level 0)
Babel <3.9l> and hyphenation patterns for 79 languages loaded.
(/usr/local/texlive/2015/texmf-dist/tex/latex/beamer/beamer.cls
(/usr/local/texlive/2015/texmf-dist/tex/latex/beamer/beamerbasercs.sty
Package: beamerbasercs 2015/03/08 (rcs-revision 368aa9ba9d38)
)
Document Class: beamer 2015/01/05 3.36 A class for typesetting presentations (r
cs-revision 8a39122e1f63)
(/usr/local/texlive/2015/texmf-dist/tex/latex/beamer/beamerbasemodes.sty
Package: beamerbasemodes 2013/09/03 (rcs-revision 768f2d98ca64)
\beamer@tempbox=\box41
\beamer@tempcount=\count81
\c@beamerpauses=\count82

(/usr/local/texlive/2015/texmf-dist/tex/latex/beamer/beamerbasedecode.sty
Package: beamerbasedecode 2010/05/01 (rcs-revision efa082c6111d)
\beamer@slideinframe=\count83
\beamer@minimum=\count84
)
\beamer@commentbox=\box42
\beamer@modecount=\count85
)
(/usr/local/texlive/2015/texmf-dist/tex/generic/oberdiek/ifpdf.sty
Package: ifpdf 2011/01/30 v2.3 Provides the ifpdf switch (HO)
Package ifpdf Info: pdfTeX in PDF mode is not detected.
)
\headheight=\dimen118
\headdp=\dimen119
\footheight=\dimen120
\sidebarheight=\dimen121
\beamer@tempdim=\dimen122
\beamer@finalheight=\dimen123
\beamer@animht=\dimen124
\beamer@animdp=\dimen125
\beamer@animwd=\dimen126
\beamer@leftmargin=\dimen127
\beamer@rightmargin=\dimen128
\beamer@leftsidebar=\dimen129
\beamer@rightsidebar=\dimen130
\beamer@boxsize=\dimen131
\beamer@vboxoffset=\dimen132
\beamer@descdefault=\dimen133
\beamer@descriptionwidth=\dimen134
\beamer@lastskip=\skip41
\beamer@areabox=\box43
\beamer@animcurrent=\box44
\beamer@animshowbox=\box45
\beamer@sectionbox=\box46
\beamer@logobox=\box47
\beamer@linebox=\box48
\beamer@sectioncount=\count86
\beamer@subsubsectionmax=\count87
\beamer@subsectionmax=\count88
\beamer@sectionmax=\count89
\beamer@totalheads=\count90
\beamer@headcounter=\count91
\beamer@partstartpage=\count92
\beamer@sectionstartpage=\count93
\beamer@subsectionstartpage=\count94
\beamer@animationtempa=\count95
\beamer@animationtempb=\count96
\beamer@xpos=\count97
\beamer@ypos=\count98
\beamer@showpartnumber=\count99
\beamer@currentsubsection=\count100
\beamer@coveringdepth=\count101
\beamer@sectionadjust=\count102
\beamer@tocsectionnumber=\count103

(/usr/local/texlive/2015/texmf-dist/tex/latex/beamer/beamerbaseoptions.sty
Package: beamerbaseoptions 2013/03/10 (rcs-revision 47431932db0d)

(/usr/local/texlive/2015/texmf-dist/tex/latex/graphics/keyval.sty
Package: keyval 2014/10/28 v1.15 key=value parser (DPC)
\KV@toks@=\toks15
))
\beamer@paperwidth=\skip42
\beamer@paperheight=\skip43

(/usr/local/texlive/2015/texmf-dist/tex/latex/geometry/geometry.sty
Package: geometry 2010/09/12 v5.6 Page Geometry

(/usr/local/texlive/2015/texmf-dist/tex/generic/oberdiek/ifvtex.sty
Package: ifvtex 2010/03/01 v1.5 Detect VTeX and its facilities (HO)
Package ifvtex Info: VTeX not detected.
)
(/usr/local/texlive/2015/texmf-dist/tex/generic/ifxetex/ifxetex.sty
Package: ifxetex 2010/09/12 v0.6 Provides ifxetex conditional
)
\Gm@cnth=\count104
\Gm@cntv=\count105
\c@Gm@tempcnt=\count106
\Gm@bindingoffset=\dimen135
\Gm@wd@mp=\dimen136
\Gm@odd@mp=\dimen137
\Gm@even@mp=\dimen138
\Gm@layoutwidth=\dimen139
\Gm@layoutheight=\dimen140
\Gm@layouthoffset=\dimen141
\Gm@layoutvoffset=\dimen142
\Gm@dimlist=\toks16
)
(/usr/local/texlive/2015/texmf-dist/tex/latex/base/size11.clo
File: size11.clo 2014/09/29 v1.4h Standard LaTeX file (size option)
)
(/usr/local/texlive/2015/texmf-dist/tex/latex/pgf/basiclayer/pgfcore.sty
(/usr/local/texlive/2015/texmf-dist/tex/latex/graphics/graphicx.sty
Package: graphicx 2014/10/28 v1.0g Enhanced LaTeX Graphics (DPC,SPQR)

(/usr/local/texlive/2015/texmf-dist/tex/latex/graphics/graphics.sty
Package: graphics 2014/10/28 v1.0p Standard LaTeX Graphics (DPC,SPQR)

(/usr/local/texlive/2015/texmf-dist/tex/latex/graphics/trig.sty
Package: trig 1999/03/16 v1.09 sin cos tan (DPC)
)
(/usr/local/texlive/2015/texmf-dist/tex/latex/latexconfig/graphics.cfg
File: graphics.cfg 2010/04/23 v1.9 graphics configuration of TeX Live
)
Package graphics Info: Driver file: dvips.def on input line 94.

(/usr/local/texlive/2015/texmf-dist/tex/latex/graphics/dvips.def
File: dvips.def 2014/10/14 v3.0j Driver-dependent file (DPC,SPQR)
))
\Gin@req@height=\dimen143
\Gin@req@width=\dimen144
)
(/usr/local/texlive/2015/texmf-dist/tex/latex/pgf/systemlayer/pgfsys.sty
(/usr/local/texlive/2015/texmf-dist/tex/latex/pgf/utilities/pgfrcs.sty
(/usr/local/texlive/2015/texmf-dist/tex/generic/pgf/utilities/pgfutil-common.te
x
\pgfutil@everybye=\toks17
\pgfutil@tempdima=\dimen145
\pgfutil@tempdimb=\dimen146

(/usr/local/texlive/2015/texmf-dist/tex/generic/pgf/utilities/pgfutil-common-li
sts.tex))
(/usr/local/texlive/2015/texmf-dist/tex/generic/pgf/utilities/pgfutil-latex.def
\pgfutil@abb=\box49
(/usr/local/texlive/2015/texmf-dist/tex/latex/ms/everyshi.sty
Package: everyshi 2001/05/15 v3.00 EveryShipout Package (MS)
))
(/usr/local/texlive/2015/texmf-dist/tex/generic/pgf/utilities/pgfrcs.code.tex
Package: pgfrcs 2013/12/20 v3.0.0 (rcs-revision 1.28)
))
(/usr/local/texlive/2015/texmf-dist/tex/generic/pgf/systemlayer/pgfsys.code.tex
Package: pgfsys 2013/11/30 v3.0.0 (rcs-revision 1.47)
(/usr/local/texlive/2015/texmf-dist/tex/generic/pgf/utilities/pgfkeys.code.tex
\pgfkeys@pathtoks=\toks18
\pgfkeys@temptoks=\toks19

(/usr/local/texlive/2015/texmf-dist/tex/generic/pgf/utilities/pgfkeysfiltered.c
ode.tex
\pgfkeys@tmptoks=\toks20
))
\pgf@x=\dimen147
\pgf@y=\dimen148
\pgf@xa=\dimen149
\pgf@ya=\dimen150
\pgf@xb=\dimen151
\pgf@yb=\dimen152
\pgf@xc=\dimen153
\pgf@yc=\dimen154
\w@pgf@writea=\write3
\r@pgf@reada=\read1
\c@pgf@counta=\count107
\c@pgf@countb=\count108
\c@pgf@countc=\count109
\c@pgf@countd=\count110
\t@pgf@toka=\toks21
\t@pgf@tokb=\toks22
\t@pgf@tokc=\toks23

(/usr/local/texlive/2015/texmf-dist/tex/generic/pgf/systemlayer/pgf.cfg
File: pgf.cfg 2008/05/14  (rcs-revision 1.7)
)
Driver file for pgf: pgfsys-dvips.def

(/usr/local/texlive/2015/texmf-dist/tex/generic/pgf/systemlayer/pgfsys-dvips.de
f
File: pgfsys-dvips.def 2013/07/16  (rcs-revision 1.23)

(/usr/local/texlive/2015/texmf-dist/tex/generic/pgf/systemlayer/pgfsys-common-p
ostscript.def
File: pgfsys-common-postscript.def 2008/10/01  (rcs-revision 1.22)
\pgf@objectcount=\count111
)))
(/usr/local/texlive/2015/texmf-dist/tex/generic/pgf/systemlayer/pgfsyssoftpath.
code.tex
File: pgfsyssoftpath.code.tex 2013/09/09  (rcs-revision 1.9)
\pgfsyssoftpath@smallbuffer@items=\count112
\pgfsyssoftpath@bigbuffer@items=\count113
)
(/usr/local/texlive/2015/texmf-dist/tex/generic/pgf/systemlayer/pgfsysprotocol.
code.tex
File: pgfsysprotocol.code.tex 2006/10/16  (rcs-revision 1.4)
)) (/usr/local/texlive/2015/texmf-dist/tex/latex/xcolor/xcolor.sty
Package: xcolor 2007/01/21 v2.11 LaTeX color extensions (UK)

(/usr/local/texlive/2015/texmf-dist/tex/latex/latexconfig/color.cfg
File: color.cfg 2007/01/18 v1.5 color configuration of teTeX/TeXLive
)
Package xcolor Info: Driver file: dvips.def on input line 225.
Package xcolor Info: Model `cmy' substituted by `cmy0' on input line 1337.
Package xcolor Info: Model `RGB' extended on input line 1353.
Package xcolor Info: Model `HTML' substituted by `rgb' on input line 1355.
Package xcolor Info: Model `Hsb' substituted by `hsb' on input line 1356.
Package xcolor Info: Model `tHsb' substituted by `hsb' on input line 1357.
Package xcolor Info: Model `HSB' substituted by `hsb' on input line 1358.
Package xcolor Info: Model `Gray' substituted by `gray' on input line 1359.
Package xcolor Info: Model `wave' substituted by `hsb' on input line 1360.
)
(/usr/local/texlive/2015/texmf-dist/tex/generic/pgf/basiclayer/pgfcore.code.tex
Package: pgfcore 2010/04/11 v3.0.0 (rcs-revision 1.7)
(/usr/local/texlive/2015/texmf-dist/tex/generic/pgf/math/pgfmath.code.tex
(/usr/local/texlive/2015/texmf-dist/tex/generic/pgf/math/pgfmathcalc.code.tex
(/usr/local/texlive/2015/texmf-dist/tex/generic/pgf/math/pgfmathutil.code.tex)
(/usr/local/texlive/2015/texmf-dist/tex/generic/pgf/math/pgfmathparser.code.tex
\pgfmath@dimen=\dimen155
\pgfmath@count=\count114
\pgfmath@box=\box50
\pgfmath@toks=\toks24
\pgfmath@stack@operand=\toks25
\pgfmath@stack@operation=\toks26
)
(/usr/local/texlive/2015/texmf-dist/tex/generic/pgf/math/pgfmathfunctions.code.
tex
(/usr/local/texlive/2015/texmf-dist/tex/generic/pgf/math/pgfmathfunctions.basic
.code.tex)
(/usr/local/texlive/2015/texmf-dist/tex/generic/pgf/math/pgfmathfunctions.trigo
nometric.code.tex)
(/usr/local/texlive/2015/texmf-dist/tex/generic/pgf/math/pgfmathfunctions.rando
m.code.tex)
(/usr/local/texlive/2015/texmf-dist/tex/generic/pgf/math/pgfmathfunctions.compa
rison.code.tex)
(/usr/local/texlive/2015/texmf-dist/tex/generic/pgf/math/pgfmathfunctions.base.
code.tex)
(/usr/local/texlive/2015/texmf-dist/tex/generic/pgf/math/pgfmathfunctions.round
.code.tex)
(/usr/local/texlive/2015/texmf-dist/tex/generic/pgf/math/pgfmathfunctions.misc.
code.tex)
(/usr/local/texlive/2015/texmf-dist/tex/generic/pgf/math/pgfmathfunctions.integ
erarithmetics.code.tex)))
(/usr/local/texlive/2015/texmf-dist/tex/generic/pgf/math/pgfmathfloat.code.tex
\c@pgfmathroundto@lastzeros=\count115
))
(/usr/local/texlive/2015/texmf-dist/tex/generic/pgf/basiclayer/pgfcorepoints.co
de.tex
File: pgfcorepoints.code.tex 2013/10/07  (rcs-revision 1.27)
\pgf@picminx=\dimen156
\pgf@picmaxx=\dimen157
\pgf@picminy=\dimen158
\pgf@picmaxy=\dimen159
\pgf@pathminx=\dimen160
\pgf@pathmaxx=\dimen161
\pgf@pathminy=\dimen162
\pgf@pathmaxy=\dimen163
\pgf@xx=\dimen164
\pgf@xy=\dimen165
\pgf@yx=\dimen166
\pgf@yy=\dimen167
\pgf@zx=\dimen168
\pgf@zy=\dimen169
)
(/usr/local/texlive/2015/texmf-dist/tex/generic/pgf/basiclayer/pgfcorepathconst
ruct.code.tex
File: pgfcorepathconstruct.code.tex 2013/10/07  (rcs-revision 1.29)
\pgf@path@lastx=\dimen170
\pgf@path@lasty=\dimen171
)
(/usr/local/texlive/2015/texmf-dist/tex/generic/pgf/basiclayer/pgfcorepathusage
.code.tex
File: pgfcorepathusage.code.tex 2013/12/13  (rcs-revision 1.23)
\pgf@shorten@end@additional=\dimen172
\pgf@shorten@start@additional=\dimen173
)
(/usr/local/texlive/2015/texmf-dist/tex/generic/pgf/basiclayer/pgfcorescopes.co
de.tex
File: pgfcorescopes.code.tex 2013/10/09  (rcs-revision 1.44)
\pgfpic=\box51
\pgf@hbox=\box52
\pgf@layerbox@main=\box53
\pgf@picture@serial@count=\count116
)
(/usr/local/texlive/2015/texmf-dist/tex/generic/pgf/basiclayer/pgfcoregraphicst
ate.code.tex
File: pgfcoregraphicstate.code.tex 2013/09/19  (rcs-revision 1.11)
\pgflinewidth=\dimen174
)
(/usr/local/texlive/2015/texmf-dist/tex/generic/pgf/basiclayer/pgfcoretransform
ations.code.tex
File: pgfcoretransformations.code.tex 2013/10/10  (rcs-revision 1.17)
\pgf@pt@x=\dimen175
\pgf@pt@y=\dimen176
\pgf@pt@temp=\dimen177
)
(/usr/local/texlive/2015/texmf-dist/tex/generic/pgf/basiclayer/pgfcorequick.cod
e.tex
File: pgfcorequick.code.tex 2008/10/09  (rcs-revision 1.3)
)
(/usr/local/texlive/2015/texmf-dist/tex/generic/pgf/basiclayer/pgfcoreobjects.c
ode.tex
File: pgfcoreobjects.code.tex 2006/10/11  (rcs-revision 1.2)
)
(/usr/local/texlive/2015/texmf-dist/tex/generic/pgf/basiclayer/pgfcorepathproce
ssing.code.tex
File: pgfcorepathprocessing.code.tex 2013/09/09  (rcs-revision 1.9)
)
(/usr/local/texlive/2015/texmf-dist/tex/generic/pgf/basiclayer/pgfcorearrows.co
de.tex
File: pgfcorearrows.code.tex 2013/11/07  (rcs-revision 1.40)
\pgfarrowsep=\dimen178
)
(/usr/local/texlive/2015/texmf-dist/tex/generic/pgf/basiclayer/pgfcoreshade.cod
e.tex
File: pgfcoreshade.code.tex 2013/07/15  (rcs-revision 1.15)
\pgf@max=\dimen179
\pgf@sys@shading@range@num=\count117
)
(/usr/local/texlive/2015/texmf-dist/tex/generic/pgf/basiclayer/pgfcoreimage.cod
e.tex
File: pgfcoreimage.code.tex 2013/07/15  (rcs-revision 1.18)

(/usr/local/texlive/2015/texmf-dist/tex/generic/pgf/basiclayer/pgfcoreexternal.
code.tex
File: pgfcoreexternal.code.tex 2013/07/15  (rcs-revision 1.20)
\pgfexternal@startupbox=\box54
))
(/usr/local/texlive/2015/texmf-dist/tex/generic/pgf/basiclayer/pgfcorelayers.co
de.tex
File: pgfcorelayers.code.tex 2013/07/18  (rcs-revision 1.7)
)
(/usr/local/texlive/2015/texmf-dist/tex/generic/pgf/basiclayer/pgfcoretranspare
ncy.code.tex
File: pgfcoretransparency.code.tex 2013/09/30  (rcs-revision 1.5)
)
(/usr/local/texlive/2015/texmf-dist/tex/generic/pgf/basiclayer/pgfcorepatterns.
code.tex
File: pgfcorepatterns.code.tex 2013/11/07  (rcs-revision 1.5)
)))
(/usr/local/texlive/2015/texmf-dist/tex/latex/pgf/utilities/xxcolor.sty
Package: xxcolor 2003/10/24 ver 0.1
\XC@nummixins=\count118
\XC@countmixins=\count119
)
(/usr/local/texlive/2015/texmf-dist/tex/generic/oberdiek/atbegshi.sty
Package: atbegshi 2011/10/05 v1.16 At begin shipout hook (HO)

(/usr/local/texlive/2015/texmf-dist/tex/generic/oberdiek/infwarerr.sty
Package: infwarerr 2010/04/08 v1.3 Providing info/warning/error messages (HO)
)
(/usr/local/texlive/2015/texmf-dist/tex/generic/oberdiek/ltxcmds.sty
Package: ltxcmds 2011/11/09 v1.22 LaTeX kernel commands for general use (HO)
))
(/usr/local/texlive/2015/texmf-dist/tex/latex/hyperref/hyperref.sty
Package: hyperref 2012/11/06 v6.83m Hypertext links for LaTeX

(/usr/local/texlive/2015/texmf-dist/tex/generic/oberdiek/hobsub-hyperref.sty
Package: hobsub-hyperref 2012/05/28 v1.13 Bundle oberdiek, subset hyperref (HO)


(/usr/local/texlive/2015/texmf-dist/tex/generic/oberdiek/hobsub-generic.sty
Package: hobsub-generic 2012/05/28 v1.13 Bundle oberdiek, subset generic (HO)
Package: hobsub 2012/05/28 v1.13 Construct package bundles (HO)
Package hobsub Info: Skipping package `infwarerr' (already loaded).
Package hobsub Info: Skipping package `ltxcmds' (already loaded).
Package: ifluatex 2010/03/01 v1.3 Provides the ifluatex switch (HO)
Package ifluatex Info: LuaTeX not detected.
Package hobsub Info: Skipping package `ifvtex' (already loaded).
Package: intcalc 2007/09/27 v1.1 Expandable calculations with integers (HO)
Package hobsub Info: Skipping package `ifpdf' (already loaded).
Package: etexcmds 2011/02/16 v1.5 Avoid name clashes with e-TeX commands (HO)
Package etexcmds Info: Could not find \expanded.
(etexcmds)             That can mean that you are not using pdfTeX 1.50 or
(etexcmds)             that some package has redefined \expanded.
(etexcmds)             In the latter case, load this package earlier.
Package: kvsetkeys 2012/04/25 v1.16 Key value parser (HO)
Package: kvdefinekeys 2011/04/07 v1.3 Define keys (HO)
Package: pdftexcmds 2011/11/29 v0.20 Utility functions of pdfTeX for LuaTeX (HO
)
Package pdftexcmds Info: LuaTeX not detected.
Package pdftexcmds Info: pdfTeX >= 1.30 not detected.
Package pdftexcmds Info: \pdf@primitive is not available.
Package pdftexcmds Info: \pdf@ifprimitive is not available.
Package pdftexcmds Info: \pdfdraftmode not found.
Package: pdfescape 2011/11/25 v1.13 Implements pdfTeX's escape features (HO)
Package: bigintcalc 2012/04/08 v1.3 Expandable calculations on big integers (HO
)
Package: bitset 2011/01/30 v1.1 Handle bit-vector datatype (HO)
Package: uniquecounter 2011/01/30 v1.2 Provide unlimited unique counter (HO)
)
Package hobsub Info: Skipping package `hobsub' (already loaded).
Package: letltxmacro 2010/09/02 v1.4 Let assignment for LaTeX macros (HO)
Package: hopatch 2012/05/28 v1.2 Wrapper for package hooks (HO)
Package: xcolor-patch 2011/01/30 xcolor patch
Package: atveryend 2011/06/30 v1.8 Hooks at the very end of document (HO)
Package atveryend Info: \enddocument detected (standard20110627).
Package hobsub Info: Skipping package `atbegshi' (already loaded).
Package: refcount 2011/10/16 v3.4 Data extraction from label references (HO)
Package: hycolor 2011/01/30 v1.7 Color options for hyperref/bookmark (HO)
)
(/usr/local/texlive/2015/texmf-dist/tex/latex/oberdiek/auxhook.sty
Package: auxhook 2011/03/04 v1.3 Hooks for auxiliary files (HO)
)
(/usr/local/texlive/2015/texmf-dist/tex/latex/oberdiek/kvoptions.sty
Package: kvoptions 2011/06/30 v3.11 Key value format for package options (HO)
)
\@linkdim=\dimen180
\Hy@linkcounter=\count120
\Hy@pagecounter=\count121

(/usr/local/texlive/2015/texmf-dist/tex/latex/hyperref/pd1enc.def
File: pd1enc.def 2012/11/06 v6.83m Hyperref: PDFDocEncoding definition (HO)
)
\Hy@SavedSpaceFactor=\count122

(/usr/local/texlive/2015/texmf-dist/tex/latex/latexconfig/hyperref.cfg
File: hyperref.cfg 2002/06/06 v1.2 hyperref configuration of TeXLive
)
Package hyperref Info: Option `final' set `true' on input line 4319.
Package hyperref Info: Option `bookmarks' set `true' on input line 4319.
Package hyperref Info: Option `bookmarksopen' set `true' on input line 4319.
Package hyperref Info: Option `pdfpagelabels' set `false' on input line 4319.
Package hyperref Info: Option `implicit' set `false' on input line 4319.
Package hyperref Info: Hyper figures OFF on input line 4443.
Package hyperref Info: Link nesting OFF on input line 4448.
Package hyperref Info: Hyper index ON on input line 4451.
Package hyperref Info: Plain pages OFF on input line 4458.
Package hyperref Info: Backreferencing OFF on input line 4463.
Package hyperref Info: Implicit mode OFF; no redefinition of LaTeX internals.
Package hyperref Info: Bookmarks ON on input line 4688.
\c@Hy@tempcnt=\count123

(/usr/local/texlive/2015/texmf-dist/tex/latex/url/url.sty
\Urlmuskip=\muskip10
Package: url 2013/09/16  ver 3.4  Verb mode for urls, etc.
)
LaTeX Info: Redefining \url on input line 5041.
\XeTeXLinkMargin=\dimen181
\Fld@menulength=\count124
\Field@Width=\dimen182
\Fld@charsize=\dimen183
Package hyperref Info: Hyper figures OFF on input line 6295.
Package hyperref Info: Link nesting OFF on input line 6300.
Package hyperref Info: Hyper index ON on input line 6303.
Package hyperref Info: backreferencing OFF on input line 6310.
Package hyperref Info: Link coloring OFF on input line 6315.
Package hyperref Info: Link coloring with OCG OFF on input line 6320.
Package hyperref Info: PDF/A mode OFF on input line 6325.
LaTeX Info: Redefining \ref on input line 6365.
LaTeX Info: Redefining \pageref on input line 6369.


Package hyperref Message: Stopped early.

)

Package hyperref Message: Driver (default): hdvips.

(/usr/local/texlive/2015/texmf-dist/tex/latex/hyperref/hdvips.def
File: hdvips.def 2012/11/06 v6.83m Hyperref driver for dvips

(/usr/local/texlive/2015/texmf-dist/tex/latex/hyperref/pdfmark.def
File: pdfmark.def 2012/11/06 v6.83m Hyperref definitions for pdfmark specials
\pdf@docset=\toks27
\pdf@box=\box55
\pdf@toks=\toks28
\pdf@defaulttoks=\toks29
\HyField@AnnotCount=\count125
\Fld@listcount=\count126
\c@bookmark@seq@number=\count127

(/usr/local/texlive/2015/texmf-dist/tex/latex/oberdiek/rerunfilecheck.sty
Package: rerunfilecheck 2011/04/15 v1.7 Rerun checks for auxiliary files (HO)
Package rerunfilecheck Info: Feature \pdfmdfivesum is not available
(rerunfilecheck)             (e.g. pdfTeX or LuaTeX with package `pdftexcmds').

(rerunfilecheck)             Therefore file contents cannot be checked efficien
tly
(rerunfilecheck)             and the loading of the package is aborted.
)))
(/usr/local/texlive/2015/texmf-dist/tex/latex/beamer/beamerbaserequires.sty
Package: beamerbaserequires 2010/05/01  (rcs-revision efa082c6111d)

(/usr/local/texlive/2015/texmf-dist/tex/latex/beamer/beamerbasecompatibility.st
y
Package: beamerbasecompatibility 2012/05/01  (rcs-revision 67c48b3b652d)
) (/usr/local/texlive/2015/texmf-dist/tex/latex/beamer/beamerbasefont.sty
Package: beamerbasefont 2015/01/05  (rcs-revision b4b4bee242e2)

(/usr/local/texlive/2015/texmf-dist/tex/latex/amsfonts/amssymb.sty
Package: amssymb 2013/01/14 v3.01 AMS font symbols

(/usr/local/texlive/2015/texmf-dist/tex/latex/amsfonts/amsfonts.sty
Package: amsfonts 2013/01/14 v3.01 Basic AMSFonts support
\@emptytoks=\toks30
\symAMSa=\mathgroup4
\symAMSb=\mathgroup5
LaTeX Font Info:    Overwriting math alphabet `\mathfrak' in version `bold'
(Font)                  U/euf/m/n --> U/euf/b/n on input line 106.
))
(/usr/local/texlive/2015/texmf-dist/tex/latex/sansmathaccent/sansmathaccent.sty
Package: sansmathaccent 2013/03/28
(/usr/local/texlive/2015/texmf-dist/tex/latex/filehook/filehook.sty
Package: filehook 2011/10/12 v0.5d Hooks for input files
)))
(/usr/local/texlive/2015/texmf-dist/tex/latex/beamer/beamerbasetranslator.sty
Package: beamerbasetranslator 2010/06/11  (rcs-revision 85fd1cc7fc42)

(/usr/local/texlive/2015/texmf-dist/tex/latex/beamer/translator/translator.sty
Package: translator 2010/06/12 ver 1.10

(/usr/local/texlive/2015/texmf-dist/tex/latex/beamer/translator/translator-lang
uage-mappings.tex)))
(/usr/local/texlive/2015/texmf-dist/tex/latex/beamer/beamerbasemisc.sty
Package: beamerbasemisc 2013/09/03  (rcs-revision a55719c41d85)
)
(/usr/local/texlive/2015/texmf-dist/tex/latex/beamer/beamerbasetwoscreens.sty
Package: beamerbasetwoscreens 2010/05/01  (rcs-revision efa082c6111d)
)
(/usr/local/texlive/2015/texmf-dist/tex/latex/beamer/beamerbaseoverlay.sty
Package: beamerbaseoverlay 2013/12/25  (rcs-revision f6bd5e3805da)
\beamer@argscount=\count128
\beamer@lastskipcover=\skip44
\beamer@trivlistdepth=\count129
)
(/usr/local/texlive/2015/texmf-dist/tex/latex/beamer/beamerbasetitle.sty
Package: beamerbasetitle 2010/09/21  (rcs-revision f0446ed0b6ae)
)
(/usr/local/texlive/2015/texmf-dist/tex/latex/beamer/beamerbasesection.sty
Package: beamerbasesection 2013/06/07  (rcs-revision 60b9fe0f342f)
\c@lecture=\count130
\c@part=\count131
\c@section=\count132
\c@subsection=\count133
\c@subsubsection=\count134
)
(/usr/local/texlive/2015/texmf-dist/tex/latex/beamer/beamerbaseframe.sty
Package: beamerbaseframe 2014/02/20  (rcs-revision 4b8ceeeff434)
\beamer@framebox=\box56
\beamer@frametitlebox=\box57
\beamer@zoombox=\box58
\beamer@zoomcount=\count135
\beamer@zoomframecount=\count136
\beamer@frametextheight=\dimen184
\c@subsectionslide=\count137
\beamer@frametopskip=\skip45
\beamer@framebottomskip=\skip46
\beamer@frametopskipautobreak=\skip47
\beamer@framebottomskipautobreak=\skip48
\beamer@envbody=\toks31
\framewidth=\dimen185
\c@framenumber=\count138
)
(/usr/local/texlive/2015/texmf-dist/tex/latex/beamer/beamerbaseverbatim.sty
Package: beamerbaseverbatim 2015/01/05  (rcs-revision 431510bb5890)
\beamer@verbatimfileout=\write4
)
(/usr/local/texlive/2015/texmf-dist/tex/latex/beamer/beamerbaseframesize.sty
Package: beamerbaseframesize 2011/09/12  (rcs-revision 70f9d8411e54)
\beamer@splitbox=\box59
\beamer@autobreakcount=\count139
\beamer@autobreaklastheight=\dimen186
\beamer@frametitletoks=\toks32
\beamer@framesubtitletoks=\toks33
)
(/usr/local/texlive/2015/texmf-dist/tex/latex/beamer/beamerbaseframecomponents.
sty
Package: beamerbaseframecomponents 2013/10/18  (rcs-revision 5cf6c5555a45)
\beamer@footins=\box60
) (/usr/local/texlive/2015/texmf-dist/tex/latex/beamer/beamerbasecolor.sty
Package: beamerbasecolor 2015/02/21  (rcs-revision d944b04ee2d5)
)
(/usr/local/texlive/2015/texmf-dist/tex/latex/beamer/beamerbasenotes.sty
Package: beamerbasenotes 2012/12/19  (rcs-revision 1686da3db3c9)
\beamer@frameboxcopy=\box61
)
(/usr/local/texlive/2015/texmf-dist/tex/latex/beamer/beamerbasetoc.sty
Package: beamerbasetoc 2015/03/08  (rcs-revision 7270298bbaae)
)
(/usr/local/texlive/2015/texmf-dist/tex/latex/beamer/beamerbasetemplates.sty
Package: beamerbasetemplates 2010/05/01  (rcs-revision efa082c6111d)
\beamer@sbttoks=\toks34

(/usr/local/texlive/2015/texmf-dist/tex/latex/beamer/beamerbaseauxtemplates.sty
Package: beamerbaseauxtemplates 2014/06/30  (rcs-revision 580088513a67)
(/usr/local/texlive/2015/texmf-dist/tex/latex/beamer/beamerbaseboxes.sty
Package: beamerbaseboxes 2012/05/13  (rcs-revision 56972908a390)
\bmb@box=\box62
\bmb@colorbox=\box63
\bmb@boxshadow=\box64
\bmb@boxshadowball=\box65
\bmb@boxshadowballlarge=\box66
\bmb@temp=\dimen187
\bmb@dima=\dimen188
\bmb@dimb=\dimen189
\bmb@prevheight=\dimen190
)
\beamer@blockheadheight=\dimen191
))
(/usr/local/texlive/2015/texmf-dist/tex/latex/beamer/beamerbaselocalstructure.s
ty
Package: beamerbaselocalstructure 2014/09/10  (rcs-revision 393f6dcff371)
 (/usr/local/texlive/2015/texmf-dist/tex/latex/tools/enumerate.sty
Package: enumerate 2014/10/28 v3.00 enumerate extensions (DPC)
\@enLab=\toks35
)
\c@figure=\count140
\c@table=\count141
\abovecaptionskip=\skip49
\belowcaptionskip=\skip50
)
(/usr/local/texlive/2015/texmf-dist/tex/latex/beamer/beamerbasenavigation.sty
Package: beamerbasenavigation 2015/02/27  (rcs-revision 923f4bf87efa)
\beamer@section@min@dim=\dimen192
)
(/usr/local/texlive/2015/texmf-dist/tex/latex/beamer/beamerbasetheorems.sty
Package: beamerbasetheorems 2010/06/06  (rcs-revision 7e7cc5e53e9d)

(/usr/local/texlive/2015/texmf-dist/tex/latex/amsmath/amsmath.sty
Package: amsmath 2013/01/14 v2.14 AMS math features
\@mathmargin=\skip51

For additional information on amsmath, use the `?' option.
(/usr/local/texlive/2015/texmf-dist/tex/latex/amsmath/amstext.sty
Package: amstext 2000/06/29 v2.01

(/usr/local/texlive/2015/texmf-dist/tex/latex/amsmath/amsgen.sty
File: amsgen.sty 1999/11/30 v2.0
\@emptytoks=\toks36
\ex@=\dimen193
))
(/usr/local/texlive/2015/texmf-dist/tex/latex/amsmath/amsbsy.sty
Package: amsbsy 1999/11/29 v1.2d
\pmbraise@=\dimen194
)
(/usr/local/texlive/2015/texmf-dist/tex/latex/amsmath/amsopn.sty
Package: amsopn 1999/12/14 v2.01 operator names
)
\inf@bad=\count142
LaTeX Info: Redefining \frac on input line 210.
\uproot@=\count143
\leftroot@=\count144
LaTeX Info: Redefining \overline on input line 306.
\classnum@=\count145
\DOTSCASE@=\count146
LaTeX Info: Redefining \ldots on input line 378.
LaTeX Info: Redefining \dots on input line 381.
LaTeX Info: Redefining \cdots on input line 466.
\Mathstrutbox@=\box67
\strutbox@=\box68
\big@size=\dimen195
LaTeX Font Info:    Redeclaring font encoding OML on input line 566.
LaTeX Font Info:    Redeclaring font encoding OMS on input line 567.
\macc@depth=\count147
\c@MaxMatrixCols=\count148
\dotsspace@=\muskip11
\c@parentequation=\count149
\dspbrk@lvl=\count150
\tag@help=\toks37
\row@=\count151
\column@=\count152
\maxfields@=\count153
\andhelp@=\toks38
\eqnshift@=\dimen196
\alignsep@=\dimen197
\tagshift@=\dimen198
\tagwidth@=\dimen199
\totwidth@=\dimen200
\lineht@=\dimen201
\@envbody=\toks39
\multlinegap=\skip52
\multlinetaggap=\skip53
\mathdisplay@stack=\toks40
LaTeX Info: Redefining \[ on input line 2665.
LaTeX Info: Redefining \] on input line 2666.
)
(/usr/local/texlive/2015/texmf-dist/tex/latex/amscls/amsthm.sty
Package: amsthm 2015/03/04 v2.20.2
\thm@style=\toks41
\thm@bodyfont=\toks42
\thm@headfont=\toks43
\thm@notefont=\toks44
\thm@headpunct=\toks45
\thm@preskip=\skip54
\thm@postskip=\skip55
\thm@headsep=\skip56
\dth@everypar=\toks46
)
\c@theorem=\count154
)
(/usr/local/texlive/2015/texmf-dist/tex/latex/beamer/beamerbasethemes.sty
Package: beamerbasethemes 2010/05/01  (rcs-revision efa082c6111d)
))
(/usr/local/texlive/2015/texmf-dist/tex/latex/beamer/themes/theme/beamerthemede
fault.sty
Package: beamerthemedefault 2010/06/17  (rcs-revision d02a7cf4d8ae)

(/usr/local/texlive/2015/texmf-dist/tex/latex/beamer/themes/font/beamerfontthem
edefault.sty
Package: beamerfontthemedefault 2012/12/19  (rcs-revision 1686da3db3c9)
)
(/usr/local/texlive/2015/texmf-dist/tex/latex/beamer/themes/color/beamercolorth
emedefault.sty
Package: beamercolorthemedefault 2012/12/19  (rcs-revision 1686da3db3c9)
)
(/usr/local/texlive/2015/texmf-dist/tex/latex/beamer/themes/inner/beamerinnerth
emedefault.sty
Package: beamerinnerthemedefault 2014/06/30  (rcs-revision 580088513a67)
\beamer@dima=\dimen202
\beamer@dimb=\dimen203
)
(/usr/local/texlive/2015/texmf-dist/tex/latex/beamer/themes/outer/beamerouterth
emedefault.sty
Package: beamerouterthemedefault 2012/12/19  (rcs-revision 1686da3db3c9)
)))
(/usr/local/texlive/2015/texmf-dist/tex/latex/beamer/themes/theme/beamerthemeJu
anLesPins.sty
Package: beamerthemeJuanLesPins 2010/06/17  (rcs-revision d02a7cf4d8ae)

(/usr/local/texlive/2015/texmf-dist/tex/latex/beamer/themes/outer/beamerouterth
emesmoothtree.sty
Package: beamerouterthemesmoothtree 2010/06/17  (rcs-revision d02a7cf4d8ae)
)
(/usr/local/texlive/2015/texmf-dist/tex/latex/beamer/themes/color/beamercolorth
emewhale.sty
Package: beamercolorthemewhale 2010/06/17  (rcs-revision d02a7cf4d8ae)
)
(/usr/local/texlive/2015/texmf-dist/tex/latex/beamer/themes/color/beamercolorth
emeorchid.sty
Package: beamercolorthemeorchid 2010/06/17  (rcs-revision d02a7cf4d8ae)
)
(/usr/local/texlive/2015/texmf-dist/tex/latex/beamer/themes/inner/beamerinnerth
emerounded.sty
Package: beamerinnerthemerounded 2010/06/17  (rcs-revision d02a7cf4d8ae)
))
(/usr/local/texlive/2015/texmf-dist/tex/generic/babel/babel.sty
Package: babel 2014/09/25 3.9l The Babel package

(/usr/local/texlive/2015/texmf-dist/tex/generic/babel-english/english.ldf
Language: english 2012/08/20 v3.3p English support from the babel system

(/usr/local/texlive/2015/texmf-dist/tex/generic/babel/babel.def
File: babel.def 2014/09/25 3.9l Babel common definitions
\babel@savecnt=\count155
\U@D=\dimen204
LaTeX Info: Redefining \textlatin on input line 1431.
)
\l@canadian = a dialect from \language\l@american 
\l@australian = a dialect from \language\l@british 
\l@newzealand = a dialect from \language\l@british 
))
(/usr/local/texlive/2015/texmf-dist/tex/latex/beamer/themes/font/beamerfontthem
eprofessionalfonts.sty
Package: beamerfontthemeprofessionalfonts 2010/06/17  (rcs-revision d02a7cf4d8a
e)
)
(/usr/local/texlive/2015/texmf-dist/tex/latex/beamerposter/beamerposter.sty
Package: beamerposter 2015/04/21 v.1.12 latex-beamer poster extension

(/usr/local/texlive/2015/texmf-dist/tex/latex/xkeyval/xkeyval.sty
Package: xkeyval 2014/12/03 v2.7a package option processing (HA)

(/usr/local/texlive/2015/texmf-dist/tex/generic/xkeyval/xkeyval.tex
(/usr/local/texlive/2015/texmf-dist/tex/generic/xkeyval/xkvutils.tex
\XKV@toks=\toks47
\XKV@tempa@toks=\toks48
)
\XKV@depth=\count156
File: xkeyval.tex 2014/12/03 v2.7a key=value parser (HA)
))
(/usr/local/texlive/2015/texmf-dist/tex/latex/type1cm/type1cm.sty
Package: type1cm 2002/09/05 v0.04 BlueSky/Y&Y Type1 CM font definitions (DPC, p
atched RF)
)
(/usr/local/texlive/2015/texmf-dist/tex/latex/fp/fp.sty
Package: fp 1995/04/02

`Fixed Point Package', Version 0.8, April 2, 1995 (C) Michael Mehlich
(/usr/local/texlive/2015/texmf-dist/tex/latex/fp/defpattern.sty
Package: defpattern 1994/10/12
\actioncount=\count157
)
(/usr/local/texlive/2015/texmf-dist/tex/latex/fp/fp-basic.sty
Package: fp-basic 1996/05/13
\FP@xs=\count158
\FP@xia=\count159
\FP@xib=\count160
\FP@xfa=\count161
\FP@xfb=\count162
\FP@rega=\count163
\FP@regb=\count164
\FP@regs=\count165
\FP@times=\count166
)
(/usr/local/texlive/2015/texmf-dist/tex/latex/fp/fp-addons.sty
Package: fp-addons 1995/03/15
)
(/usr/local/texlive/2015/texmf-dist/tex/latex/fp/fp-snap.sty
Package: fp-snap 1995/04/05
)
(/usr/local/texlive/2015/texmf-dist/tex/latex/fp/fp-exp.sty
Package: fp-exp 1995/04/03
)
(/usr/local/texlive/2015/texmf-dist/tex/latex/fp/fp-trigo.sty
Package: fp-trigo 1995/04/14
)
(/usr/local/texlive/2015/texmf-dist/tex/latex/fp/fp-pas.sty
Package: fp-pas 1994/08/29
)
(/usr/local/texlive/2015/texmf-dist/tex/latex/fp/fp-random.sty
Package: fp-random 1995/02/23
\FPseed=\count167
)
(/usr/local/texlive/2015/texmf-dist/tex/latex/fp/fp-eqn.sty
Package: fp-eqn 1995/04/03
)
(/usr/local/texlive/2015/texmf-dist/tex/latex/fp/fp-upn.sty
Package: fp-upn 1996/10/21
)
(/usr/local/texlive/2015/texmf-dist/tex/latex/fp/fp-eval.sty
Package: fp-eval 1995/04/03
))
Package beamerposter Info: checking size input, please wait. on input line 128.

Package beamerposter Info: the input a0\ 1\ was correct, we proceed. on input l
ine 128.
Package beamerposter Info: finished size input check. on input line 128.
Package beamerposter Info: myfontscale=1.0 on input line 128.
Package beamerposter Info: checking orientation input, please wait. on input li
ne 129.
Package beamerposter Info: the input portrait\ 0\ was correct, we proceed. on i
nput line 129.
Package beamerposter Info: finished orientation check. on input line 129.
Package beamerposter Info: checking size input, please wait. on input line 129.

Package beamerposter Info: the input a1\ 2\ was correct, we proceed. on input l
ine 129.
Package beamerposter Info: finished size input check. on input line 129.
Package beamerposter Info: myfontscale=1.4 on input line 129.
Package beamerposter Info: enabled debug mode on input line 129.
 ( FP-UPN
FP debug: upn: +++ computing upn-expression "myfontscale fontscale * 2 round"
FP debug: upn: calculating "myfontscale"
FP debug: upn: result      "1.4"
FP debug: upn: calculating "fontscale"
FP debug: upn: result      "0.70710678"
FP debug: upn: calculating "0.70710678 mul 1.4"
( FP-MUL )
FP debug: upn: result      "0.989949492000000000"
FP debug: upn: calculating "2"
FP debug: upn: result      "2"
FP debug: upn: calculating "round(0.989949492000000000:2)"
( FP-ROUND )
FP debug: upn: result      "0.99"
FP debug: upn: +++ result of upn-expression is "(0.99)"
)
\tmp=\dimen205
Package beamerposter Info: paperwidth=1690.09352pt, paperheight=2388.89357pt on
 input line 172.
Package beamerposter Info: textwidth=1661.64076pt, textwidth=2360.44081pt on in
put line 173.
Package beamerposter Info: fontscale=0.70710678, myfontscale=0.99 on input line
 174.
 ( FP-UPN
FP debug: upn: +++ computing upn-expression "myfontscale fontSizeX * 2 round"
FP debug: upn: calculating "myfontscale"
FP debug: upn: result      "0.99"
FP debug: upn: calculating "fontSizeX"
FP debug: upn: result      "12"
FP debug: upn: calculating "12 mul 0.99"
( FP-MUL )
FP debug: upn: result      "11.880000000000000000"
FP debug: upn: calculating "2"
FP debug: upn: result      "2"
FP debug: upn: calculating "round(11.880000000000000000:2)"
( FP-ROUND )
FP debug: upn: result      "11.88"
FP debug: upn: +++ result of upn-expression is "(11.88)"
) ( FP-UPN
FP debug: upn: +++ computing upn-expression "myfontscale fontSizeY * 2 round"
FP debug: upn: calculating "myfontscale"
FP debug: upn: result      "0.99"
FP debug: upn: calculating "fontSizeY"
FP debug: upn: result      "14"
FP debug: upn: calculating "14 mul 0.99"
( FP-MUL )
FP debug: upn: result      "13.860000000000000000"
FP debug: upn: calculating "2"
FP debug: upn: result      "2"
FP debug: upn: calculating "round(13.860000000000000000:2)"
( FP-ROUND )
FP debug: upn: result      "13.86"
FP debug: upn: +++ result of upn-expression is "(13.86)"
) ( FP-UPN
FP debug: upn: +++ computing upn-expression "myfontscale fontSizeX * 2 round"
FP debug: upn: calculating "myfontscale"
FP debug: upn: result      "0.99"
FP debug: upn: calculating "fontSizeX"
FP debug: upn: result      "14.4"
FP debug: upn: calculating "14.4 mul 0.99"
( FP-MUL )
FP debug: upn: result      "14.256000000000000000"
FP debug: upn: calculating "2"
FP debug: upn: result      "2"
FP debug: upn: calculating "round(14.256000000000000000:2)"
( FP-ROUND )
FP debug: upn: result      "14.26"
FP debug: upn: +++ result of upn-expression is "(14.26)"
) ( FP-UPN
FP debug: upn: +++ computing upn-expression "myfontscale fontSizeY * 2 round"
FP debug: upn: calculating "myfontscale"
FP debug: upn: result      "0.99"
FP debug: upn: calculating "fontSizeY"
FP debug: upn: result      "18"
FP debug: upn: calculating "18 mul 0.99"
( FP-MUL )
FP debug: upn: result      "17.820000000000000000"
FP debug: upn: calculating "2"
FP debug: upn: result      "2"
FP debug: upn: calculating "round(17.820000000000000000:2)"
( FP-ROUND )
FP debug: upn: result      "17.82"
FP debug: upn: +++ result of upn-expression is "(17.82)"
) ( FP-UPN
FP debug: upn: +++ computing upn-expression "myfontscale fontSizeX * 2 round"
FP debug: upn: calculating "myfontscale"
FP debug: upn: result      "0.99"
FP debug: upn: calculating "fontSizeX"
FP debug: upn: result      "17.28"
FP debug: upn: calculating "17.28 mul 0.99"
( FP-MUL )
FP debug: upn: result      "17.107200000000000000"
FP debug: upn: calculating "2"
FP debug: upn: result      "2"
FP debug: upn: calculating "round(17.107200000000000000:2)"
( FP-ROUND )
FP debug: upn: result      "17.11"
FP debug: upn: +++ result of upn-expression is "(17.11)"
) ( FP-UPN
FP debug: upn: +++ computing upn-expression "myfontscale fontSizeY * 2 round"
FP debug: upn: calculating "myfontscale"
FP debug: upn: result      "0.99"
FP debug: upn: calculating "fontSizeY"
FP debug: upn: result      "22"
FP debug: upn: calculating "22 mul 0.99"
( FP-MUL )
FP debug: upn: result      "21.780000000000000000"
FP debug: upn: calculating "2"
FP debug: upn: result      "2"
FP debug: upn: calculating "round(21.780000000000000000:2)"
( FP-ROUND )
FP debug: upn: result      "21.78"
FP debug: upn: +++ result of upn-expression is "(21.78)"
) ( FP-UPN
FP debug: upn: +++ computing upn-expression "myfontscale fontSizeX * 2 round"
FP debug: upn: calculating "myfontscale"
FP debug: upn: result      "0.99"
FP debug: upn: calculating "fontSizeX"
FP debug: upn: result      "20.74"
FP debug: upn: calculating "20.74 mul 0.99"
( FP-MUL )
FP debug: upn: result      "20.532600000000000000"
FP debug: upn: calculating "2"
FP debug: upn: result      "2"
FP debug: upn: calculating "round(20.532600000000000000:2)"
( FP-ROUND )
FP debug: upn: result      "20.53"
FP debug: upn: +++ result of upn-expression is "(20.53)"
) ( FP-UPN
FP debug: upn: +++ computing upn-expression "myfontscale fontSizeY * 2 round"
FP debug: upn: calculating "myfontscale"
FP debug: upn: result      "0.99"
FP debug: upn: calculating "fontSizeY"
FP debug: upn: result      "25"
FP debug: upn: calculating "25 mul 0.99"
( FP-MUL )
FP debug: upn: result      "24.750000000000000000"
FP debug: upn: calculating "2"
FP debug: upn: result      "2"
FP debug: upn: calculating "round(24.750000000000000000:2)"
( FP-ROUND )
FP debug: upn: result      "24.75"
FP debug: upn: +++ result of upn-expression is "(24.75)"
) ( FP-UPN
FP debug: upn: +++ computing upn-expression "myfontscale fontSizeX * 2 round"
FP debug: upn: calculating "myfontscale"
FP debug: upn: result      "0.99"
FP debug: upn: calculating "fontSizeX"
FP debug: upn: result      "24.88"
FP debug: upn: calculating "24.88 mul 0.99"
( FP-MUL )
FP debug: upn: result      "24.631200000000000000"
FP debug: upn: calculating "2"
FP debug: upn: result      "2"
FP debug: upn: calculating "round(24.631200000000000000:2)"
( FP-ROUND )
FP debug: upn: result      "24.63"
FP debug: upn: +++ result of upn-expression is "(24.63)"
) ( FP-UPN
FP debug: upn: +++ computing upn-expression "myfontscale fontSizeY * 2 round"
FP debug: upn: calculating "myfontscale"
FP debug: upn: result      "0.99"
FP debug: upn: calculating "fontSizeY"
FP debug: upn: result      "30"
FP debug: upn: calculating "30 mul 0.99"
( FP-MUL )
FP debug: upn: result      "29.700000000000000000"
FP debug: upn: calculating "2"
FP debug: upn: result      "2"
FP debug: upn: calculating "round(29.700000000000000000:2)"
( FP-ROUND )
FP debug: upn: result      "29.70"
FP debug: upn: +++ result of upn-expression is "(29.70)"
) ( FP-UPN
FP debug: upn: +++ computing upn-expression "myfontscale fontSizeX * 2 round"
FP debug: upn: calculating "myfontscale"
FP debug: upn: result      "0.99"
FP debug: upn: calculating "fontSizeX"
FP debug: upn: result      "29.86"
FP debug: upn: calculating "29.86 mul 0.99"
( FP-MUL )
FP debug: upn: result      "29.561400000000000000"
FP debug: upn: calculating "2"
FP debug: upn: result      "2"
FP debug: upn: calculating "round(29.561400000000000000:2)"
( FP-ROUND )
FP debug: upn: result      "29.56"
FP debug: upn: +++ result of upn-expression is "(29.56)"
) ( FP-UPN
FP debug: upn: +++ computing upn-expression "myfontscale fontSizeY * 2 round"
FP debug: upn: calculating "myfontscale"
FP debug: upn: result      "0.99"
FP debug: upn: calculating "fontSizeY"
FP debug: upn: result      "37"
FP debug: upn: calculating "37 mul 0.99"
( FP-MUL )
FP debug: upn: result      "36.630000000000000000"
FP debug: upn: calculating "2"
FP debug: upn: result      "2"
FP debug: upn: calculating "round(36.630000000000000000:2)"
( FP-ROUND )
FP debug: upn: result      "36.63"
FP debug: upn: +++ result of upn-expression is "(36.63)"
) ( FP-UPN
FP debug: upn: +++ computing upn-expression "myfontscale fontSizeX * 2 round"
FP debug: upn: calculating "myfontscale"
FP debug: upn: result      "0.99"
FP debug: upn: calculating "fontSizeX"
FP debug: upn: result      "35.83"
FP debug: upn: calculating "35.83 mul 0.99"
( FP-MUL )
FP debug: upn: result      "35.471700000000000000"
FP debug: upn: calculating "2"
FP debug: upn: result      "2"
FP debug: upn: calculating "round(35.471700000000000000:2)"
( FP-ROUND )
FP debug: upn: result      "35.47"
FP debug: upn: +++ result of upn-expression is "(35.47)"
) ( FP-UPN
FP debug: upn: +++ computing upn-expression "myfontscale fontSizeY * 2 round"
FP debug: upn: calculating "myfontscale"
FP debug: upn: result      "0.99"
FP debug: upn: calculating "fontSizeY"
FP debug: upn: result      "45"
FP debug: upn: calculating "45 mul 0.99"
( FP-MUL )
FP debug: upn: result      "44.550000000000000000"
FP debug: upn: calculating "2"
FP debug: upn: result      "2"
FP debug: upn: calculating "round(44.550000000000000000:2)"
( FP-ROUND )
FP debug: upn: result      "44.55"
FP debug: upn: +++ result of upn-expression is "(44.55)"
) ( FP-UPN
FP debug: upn: +++ computing upn-expression "myfontscale fontSizeX * 2 round"
FP debug: upn: calculating "myfontscale"
FP debug: upn: result      "0.99"
FP debug: upn: calculating "fontSizeX"
FP debug: upn: result      "43"
FP debug: upn: calculating "43 mul 0.99"
( FP-MUL )
FP debug: upn: result      "42.570000000000000000"
FP debug: upn: calculating "2"
FP debug: upn: result      "2"
FP debug: upn: calculating "round(42.570000000000000000:2)"
( FP-ROUND )
FP debug: upn: result      "42.57"
FP debug: upn: +++ result of upn-expression is "(42.57)"
) ( FP-UPN
FP debug: upn: +++ computing upn-expression "myfontscale fontSizeY * 2 round"
FP debug: upn: calculating "myfontscale"
FP debug: upn: result      "0.99"
FP debug: upn: calculating "fontSizeY"
FP debug: upn: result      "54"
FP debug: upn: calculating "54 mul 0.99"
( FP-MUL )
FP debug: upn: result      "53.460000000000000000"
FP debug: upn: calculating "2"
FP debug: upn: result      "2"
FP debug: upn: calculating "round(53.460000000000000000:2)"
( FP-ROUND )
FP debug: upn: result      "53.46"
FP debug: upn: +++ result of upn-expression is "(53.46)"
) ( FP-UPN
FP debug: upn: +++ computing upn-expression "myfontscale fontSizeX * 2 round"
FP debug: upn: calculating "myfontscale"
FP debug: upn: result      "0.99"
FP debug: upn: calculating "fontSizeX"
FP debug: upn: result      "51.6"
FP debug: upn: calculating "51.6 mul 0.99"
( FP-MUL )
FP debug: upn: result      "51.084000000000000000"
FP debug: upn: calculating "2"
FP debug: upn: result      "2"
FP debug: upn: calculating "round(51.084000000000000000:2)"
( FP-ROUND )
FP debug: upn: result      "51.08"
FP debug: upn: +++ result of upn-expression is "(51.08)"
) ( FP-UPN
FP debug: upn: +++ computing upn-expression "myfontscale fontSizeY * 2 round"
FP debug: upn: calculating "myfontscale"
FP debug: upn: result      "0.99"
FP debug: upn: calculating "fontSizeY"
FP debug: upn: result      "64"
FP debug: upn: calculating "64 mul 0.99"
( FP-MUL )
FP debug: upn: result      "63.360000000000000000"
FP debug: upn: calculating "2"
FP debug: upn: result      "2"
FP debug: upn: calculating "round(63.360000000000000000:2)"
( FP-ROUND )
FP debug: upn: result      "63.36"
FP debug: upn: +++ result of upn-expression is "(63.36)"
) ( FP-UPN
FP debug: upn: +++ computing upn-expression "myfontscale fontSizeX * 2 round"
FP debug: upn: calculating "myfontscale"
FP debug: upn: result      "0.99"
FP debug: upn: calculating "fontSizeX"
FP debug: upn: result      "61.92"
FP debug: upn: calculating "61.92 mul 0.99"
( FP-MUL )
FP debug: upn: result      "61.300800000000000000"
FP debug: upn: calculating "2"
FP debug: upn: result      "2"
FP debug: upn: calculating "round(61.300800000000000000:2)"
( FP-ROUND )
FP debug: upn: result      "61.30"
FP debug: upn: +++ result of upn-expression is "(61.30)"
) ( FP-UPN
FP debug: upn: +++ computing upn-expression "myfontscale fontSizeY * 2 round"
FP debug: upn: calculating "myfontscale"
FP debug: upn: result      "0.99"
FP debug: upn: calculating "fontSizeY"
FP debug: upn: result      "77"
FP debug: upn: calculating "77 mul 0.99"
( FP-MUL )
FP debug: upn: result      "76.230000000000000000"
FP debug: upn: calculating "2"
FP debug: upn: result      "2"
FP debug: upn: calculating "round(76.230000000000000000:2)"
( FP-ROUND )
FP debug: upn: result      "76.23"
FP debug: upn: +++ result of upn-expression is "(76.23)"
) ( FP-UPN
FP debug: upn: +++ computing upn-expression "myfontscale fontSizeX * 2 round"
FP debug: upn: calculating "myfontscale"
FP debug: upn: result      "0.99"
FP debug: upn: calculating "fontSizeX"
FP debug: upn: result      "74.3"
FP debug: upn: calculating "74.3 mul 0.99"
( FP-MUL )
FP debug: upn: result      "73.557000000000000000"
FP debug: upn: calculating "2"
FP debug: upn: result      "2"
FP debug: upn: calculating "round(73.557000000000000000:2)"
( FP-ROUND )
FP debug: upn: result      "73.56"
FP debug: upn: +++ result of upn-expression is "(73.56)"
) ( FP-UPN
FP debug: upn: +++ computing upn-expression "myfontscale fontSizeY * 2 round"
FP debug: upn: calculating "myfontscale"
FP debug: upn: result      "0.99"
FP debug: upn: calculating "fontSizeY"
FP debug: upn: result      "93"
FP debug: upn: calculating "93 mul 0.99"
( FP-MUL )
FP debug: upn: result      "92.070000000000000000"
FP debug: upn: calculating "2"
FP debug: upn: result      "2"
FP debug: upn: calculating "round(92.070000000000000000:2)"
( FP-ROUND )
FP debug: upn: result      "92.07"
FP debug: upn: +++ result of upn-expression is "(92.07)"
) ( FP-UPN
FP debug: upn: +++ computing upn-expression "myfontscale fontSizeX * 2 round"
FP debug: upn: calculating "myfontscale"
FP debug: upn: result      "0.99"
FP debug: upn: calculating "fontSizeX"
FP debug: upn: result      "89.16"
FP debug: upn: calculating "89.16 mul 0.99"
( FP-MUL )
FP debug: upn: result      "88.268400000000000000"
FP debug: upn: calculating "2"
FP debug: upn: result      "2"
FP debug: upn: calculating "round(88.268400000000000000:2)"
( FP-ROUND )
FP debug: upn: result      "88.27"
FP debug: upn: +++ result of upn-expression is "(88.27)"
) ( FP-UPN
FP debug: upn: +++ computing upn-expression "myfontscale fontSizeY * 2 round"
FP debug: upn: calculating "myfontscale"
FP debug: upn: result      "0.99"
FP debug: upn: calculating "fontSizeY"
FP debug: upn: result      "112"
FP debug: upn: calculating "112 mul 0.99"
( FP-MUL )
FP debug: upn: result      "110.880000000000000000"
FP debug: upn: calculating "2"
FP debug: upn: result      "2"
FP debug: upn: calculating "round(110.880000000000000000:2)"
( FP-ROUND )
FP debug: upn: result      "110.88"
FP debug: upn: +++ result of upn-expression is "(110.88)"
) ( FP-UPN
FP debug: upn: +++ computing upn-expression "myfontscale fontSizeX * 2 round"
FP debug: upn: calculating "myfontscale"
FP debug: upn: result      "0.99"
FP debug: upn: calculating "fontSizeX"
FP debug: upn: result      "107"
FP debug: upn: calculating "107 mul 0.99"
( FP-MUL )
FP debug: upn: result      "105.930000000000000000"
FP debug: upn: calculating "2"
FP debug: upn: result      "2"
FP debug: upn: calculating "round(105.930000000000000000:2)"
( FP-ROUND )
FP debug: upn: result      "105.93"
FP debug: upn: +++ result of upn-expression is "(105.93)"
) ( FP-UPN
FP debug: upn: +++ computing upn-expression "myfontscale fontSizeY * 2 round"
FP debug: upn: calculating "myfontscale"
FP debug: upn: result      "0.99"
FP debug: upn: calculating "fontSizeY"
FP debug: upn: result      "134"
FP debug: upn: calculating "134 mul 0.99"
( FP-MUL )
FP debug: upn: result      "132.660000000000000000"
FP debug: upn: calculating "2"
FP debug: upn: result      "2"
FP debug: upn: calculating "round(132.660000000000000000:2)"
( FP-ROUND )
FP debug: upn: result      "132.66"
FP debug: upn: +++ result of upn-expression is "(132.66)"
) ( FP-UPN
FP debug: upn: +++ computing upn-expression "labelWidthValue myfontscale * 2 ro
und"
FP debug: upn: calculating "labelWidthValue"
FP debug: upn: result      "1"
FP debug: upn: calculating "myfontscale"
FP debug: upn: result      "0.99"
FP debug: upn: calculating "0.99 mul 1"
( FP-MUL )
FP debug: upn: result      "0.990000000000000000"
FP debug: upn: calculating "2"
FP debug: upn: result      "2"
FP debug: upn: calculating "round(0.990000000000000000:2)"
( FP-ROUND )
FP debug: upn: result      "0.99"
FP debug: upn: +++ result of upn-expression is "(0.99)"
) ( FP-UPN
FP debug: upn: +++ computing upn-expression "labelSepValue myfontscale * 2 roun
d"
FP debug: upn: calculating "labelSepValue"
FP debug: upn: result      "1"
FP debug: upn: calculating "myfontscale"
FP debug: upn: result      "0.99"
FP debug: upn: calculating "0.99 mul 1"
( FP-MUL )
FP debug: upn: result      "0.990000000000000000"
FP debug: upn: calculating "2"
FP debug: upn: result      "2"
FP debug: upn: calculating "round(0.990000000000000000:2)"
( FP-ROUND )
FP debug: upn: result      "0.99"
FP debug: upn: +++ result of upn-expression is "(0.99)"
) ( FP-UPN
FP debug: upn: +++ computing upn-expression "indentionLevelValuei myfontscale *
 2 round"
FP debug: upn: calculating "indentionLevelValuei"
FP debug: upn: result      "4"
FP debug: upn: calculating "myfontscale"
FP debug: upn: result      "0.99"
FP debug: upn: calculating "0.99 mul 4"
( FP-MUL )
FP debug: upn: result      "3.960000000000000000"
FP debug: upn: calculating "2"
FP debug: upn: result      "2"
FP debug: upn: calculating "round(3.960000000000000000:2)"
( FP-ROUND )
FP debug: upn: result      "3.96"
FP debug: upn: +++ result of upn-expression is "(3.96)"
) ( FP-UPN
FP debug: upn: +++ computing upn-expression "indentionLevelValueii myfontscale 
* 2 round"
FP debug: upn: calculating "indentionLevelValueii"
FP debug: upn: result      "2.2"
FP debug: upn: calculating "myfontscale"
FP debug: upn: result      "0.99"
FP debug: upn: calculating "0.99 mul 2.2"
( FP-MUL )
FP debug: upn: result      "2.178000000000000000"
FP debug: upn: calculating "2"
FP debug: upn: result      "2"
FP debug: upn: calculating "round(2.178000000000000000:2)"
( FP-ROUND )
FP debug: upn: result      "2.18"
FP debug: upn: +++ result of upn-expression is "(2.18)"
) ( FP-UPN
FP debug: upn: +++ computing upn-expression "indentionLevelValueiii myfontscale
 * 2 round"
FP debug: upn: calculating "indentionLevelValueiii"
FP debug: upn: result      "1.87"
FP debug: upn: calculating "myfontscale"
FP debug: upn: result      "0.99"
FP debug: upn: calculating "0.99 mul 1.87"
( FP-MUL )
FP debug: upn: result      "1.851300000000000000"
FP debug: upn: calculating "2"
FP debug: upn: result      "2"
FP debug: upn: calculating "round(1.851300000000000000:2)"
( FP-ROUND )
FP debug: upn: result      "1.85"
FP debug: upn: +++ result of upn-expression is "(1.85)"
) ( FP-UPN
FP debug: upn: +++ computing upn-expression "bibIconScaleValue myfontscale * 2 
round"
FP debug: upn: calculating "bibIconScaleValue"
FP debug: upn: result      "2"
FP debug: upn: calculating "myfontscale"
FP debug: upn: result      "0.99"
FP debug: upn: calculating "0.99 mul 2"
( FP-MUL )
FP debug: upn: result      "1.980000000000000000"
FP debug: upn: calculating "2"
FP debug: upn: result      "2"
FP debug: upn: calculating "round(1.980000000000000000:2)"
( FP-ROUND )
FP debug: upn: result      "1.98"
FP debug: upn: +++ result of upn-expression is "(1.98)"
)) (./poster-sample-portrait.aux)
\openout1 = `poster-sample-portrait.aux'.

LaTeX Font Info:    Checking defaults for OML/cmm/m/it on input line 27.
LaTeX Font Info:    ... okay on input line 27.
LaTeX Font Info:    Checking defaults for T1/cmr/m/n on input line 27.
LaTeX Font Info:    ... okay on input line 27.
LaTeX Font Info:    Checking defaults for OT1/cmr/m/n on input line 27.
LaTeX Font Info:    ... okay on input line 27.
LaTeX Font Info:    Checking defaults for OMS/cmsy/m/n on input line 27.
LaTeX Font Info:    ... okay on input line 27.
LaTeX Font Info:    Checking defaults for OMX/cmex/m/n on input line 27.
LaTeX Font Info:    ... okay on input line 27.
LaTeX Font Info:    Checking defaults for U/cmr/m/n on input line 27.
LaTeX Font Info:    ... okay on input line 27.
LaTeX Font Info:    Checking defaults for JY1/mc/m/n on input line 27.
LaTeX Font Info:    ... okay on input line 27.
LaTeX Font Info:    Checking defaults for JT1/mc/m/n on input line 27.
LaTeX Font Info:    ... okay on input line 27.
LaTeX Font Info:    Checking defaults for PD1/pdf/m/n on input line 27.
LaTeX Font Info:    ... okay on input line 27.

*geometry* driver: auto-detecting
*geometry* detected driver: dvips
*geometry* verbose mode - [ preamble ] result:
* driver: dvips
* paper: custom
* layout: <same size as paper>
* layoutoffset:(h,v)=(0.0pt,0.0pt)
* modes: includehead includefoot 
* h-part:(L,W,R)=(28.45274pt, 1633.18803pt, 28.45274pt)
* v-part:(T,H,B)=(0.0pt, 2388.89357pt, 0.0pt)
* \paperwidth=1690.09352pt
* \paperheight=2388.89357pt
* \textwidth=1633.18803pt
* \textheight=2360.44084pt
* \oddsidemargin=-43.81725pt
* \evensidemargin=-43.81725pt
* \topmargin=-72.26999pt
* \headheight=14.22636pt
* \headsep=0.0pt
* \topskip=11.0pt
* \footskip=14.22636pt
* \marginparwidth=4.0pt
* \marginparsep=10.0pt
* \columnsep=10.0pt
* \skip\footins=10.0pt plus 4.0pt minus 2.0pt
* \hoffset=0.0pt
* \voffset=0.0pt
* \mag=1000
* \@twocolumnfalse
* \@twosidefalse
* \@mparswitchfalse
* \@reversemarginfalse
* (1in=72.27pt=25.4mm, 1cm=28.453pt)

ABD: EveryShipout initializing macros
\AtBeginShipoutBox=\box69
Package hyperref Info: Link coloring OFF on input line 27.

(/usr/local/texlive/2015/texmf-dist/tex/latex/hyperref/nameref.sty
Package: nameref 2012/10/27 v2.43 Cross-referencing by name of section

(/usr/local/texlive/2015/texmf-dist/tex/generic/oberdiek/gettitlestring.sty
Package: gettitlestring 2010/12/03 v1.4 Cleanup title references (HO)
)
\c@section@level=\count168
)
LaTeX Info: Redefining \ref on input line 27.
LaTeX Info: Redefining \pageref on input line 27.
LaTeX Info: Redefining \nameref on input line 27.

(./poster-sample-portrait.out) (./poster-sample-portrait.out)
\@outlinefile=\write5
\openout5 = `poster-sample-portrait.out'.


(/usr/local/texlive/2015/texmf-dist/tex/latex/beamer/translator/dicts/translato
r-basic-dictionary/translator-basic-dictionary-English.dict
Dictionary: translator-basic-dictionary, Language: English 
)
(/usr/local/texlive/2015/texmf-dist/tex/latex/beamer/translator/dicts/translato
r-bibliography-dictionary/translator-bibliography-dictionary-English.dict
Dictionary: translator-bibliography-dictionary, Language: English 
)
(/usr/local/texlive/2015/texmf-dist/tex/latex/beamer/translator/dicts/translato
r-environment-dictionary/translator-environment-dictionary-English.dict
Dictionary: translator-environment-dictionary, Language: English 
)
(/usr/local/texlive/2015/texmf-dist/tex/latex/beamer/translator/dicts/translato
r-months-dictionary/translator-months-dictionary-English.dict
Dictionary: translator-months-dictionary, Language: English 
)
(/usr/local/texlive/2015/texmf-dist/tex/latex/beamer/translator/dicts/translato
r-numbers-dictionary/translator-numbers-dictionary-English.dict
Dictionary: translator-numbers-dictionary, Language: English 
)
(/usr/local/texlive/2015/texmf-dist/tex/latex/beamer/translator/dicts/translato
r-theorem-dictionary/translator-theorem-dictionary-English.dict
Dictionary: translator-theorem-dictionary, Language: English 
)
LaTeX Info: Redefining \includegraphics on input line 27.

No file poster-sample-portrait.nav.
[1

]
\tf@nav=\write6
\openout6 = `poster-sample-portrait.nav'.

\tf@toc=\write7
\openout7 = `poster-sample-portrait.toc'.

\tf@snm=\write8
\openout8 = `poster-sample-portrait.snm'.

Package atveryend Info: Empty hook `BeforeClearDocument' on input line 92.
Package atveryend Info: Empty hook `AfterLastShipout' on input line 92.
 (./poster-sample-portrait.aux)
Package atveryend Info: Empty hook `AtVeryEndDocument' on input line 92.
Package atveryend Info: Empty hook `AtEndAfterFileList' on input line 92.
Package atveryend Info: Empty hook `AtVeryVeryEnd' on input line 92.
 ) 
Here is how much of TeX's memory you used:
 17468 strings out of 493777
 332455 string characters out of 6151333
 458103 words of memory out of 5000000
 20526 multiletter control sequences out of 15000+600000
 17051 words of font info for 68 fonts, out of 8000000 for 9000
 929 hyphenation exceptions out of 8191
 56i,15n,68p,425b,1447s stack positions out of 5000i,500n,10000p,200000b,80000s

Output written on poster-sample-portrait.dvi (1 page, 36368 bytes).
